[
  {
    "Plan": {
      "Node Type": "Sort",
      "Startup Cost": 486.32,
      "Total Cost": 486.32,
      "Plan Rows": 1,
      "Plan Width": 180,
      "Actual Startup Time": 257.163,
      "Actual Total Time": 257.165,
      "Actual Rows": 30,
      "Actual Loops": 1,
      "Output": ["supplier.s_acctbal", "supplier.s_name", "nation.n_name", "part.p_partkey", "part.p_mfgr", "supplier.s_address", "supplier.s_phone", "supplier.s_comment"],
      "Sort Key": ["supplier.s_acctbal DESC", "nation.n_name", "supplier.s_name", "part.p_partkey"],
      "Sort Method": "quicksort",
      "Sort Space Used": 32,
      "Sort Space Type": "Memory",
      "Shared Hit Blocks": 27191,
      "Shared Read Blocks": 1468,
      "Shared Dirtied Blocks": 0,
      "Shared Written Blocks": 0,
      "Local Hit Blocks": 0,
      "Local Read Blocks": 0,
      "Local Dirtied Blocks": 0,
      "Local Written Blocks": 0,
      "Temp Read Blocks": 0,
      "Temp Written Blocks": 0,
      "I/O Read Time": 0.000,
      "I/O Write Time": 0.000,
      "Plans": [
        {
          "Node Type": "Aggregate",
          "Strategy": "Sorted",
          "Parent Relationship": "InitPlan",
          "Subplan Name": "CTE minpertype",
          "Startup Cost": 394.73,
          "Total Cost": 394.75,
          "Plan Rows": 1,
          "Plan Width": 27,
          "Actual Startup Time": 252.613,
          "Actual Total Time": 252.794,
          "Actual Rows": 30,
          "Actual Loops": 1,
          "Output": ["part_1.p_type", "min(partsupp_1.ps_supplycost)"],
          "Group Key": ["part_1.p_type"],
          "Shared Hit Blocks": 23218,
          "Shared Read Blocks": 1468,
          "Shared Dirtied Blocks": 0,
          "Shared Written Blocks": 0,
          "Local Hit Blocks": 0,
          "Local Read Blocks": 0,
          "Local Dirtied Blocks": 0,
          "Local Written Blocks": 0,
          "Temp Read Blocks": 0,
          "Temp Written Blocks": 0,
          "I/O Read Time": 0.000,
          "I/O Write Time": 0.000,
          "Plans": [
            {
              "Node Type": "Sort",
              "Parent Relationship": "Outer",
              "Startup Cost": 394.73,
              "Total Cost": 394.73,
              "Plan Rows": 1,
              "Plan Width": 27,
              "Actual Startup Time": 252.594,
              "Actual Total Time": 252.627,
              "Actual Rows": 642,
              "Actual Loops": 1,
              "Output": ["part_1.p_type", "partsupp_1.ps_supplycost"],
              "Sort Key": ["part_1.p_type"],
              "Sort Method": "quicksort",
              "Sort Space Used": 75,
              "Sort Space Type": "Memory",
              "Shared Hit Blocks": 23218,
              "Shared Read Blocks": 1468,
              "Shared Dirtied Blocks": 0,
              "Shared Written Blocks": 0,
              "Local Hit Blocks": 0,
              "Local Read Blocks": 0,
              "Local Dirtied Blocks": 0,
              "Local Written Blocks": 0,
              "Temp Read Blocks": 0,
              "Temp Written Blocks": 0,
              "I/O Read Time": 0.000,
              "I/O Write Time": 0.000,
              "Plans": [
                {
                  "Node Type": "Nested Loop",
                  "Parent Relationship": "Outer",
                  "Join Type": "Inner",
                  "Startup Cost": 5.67,
                  "Total Cost": 394.72,
                  "Plan Rows": 1,
                  "Plan Width": 27,
                  "Actual Startup Time": 1.767,
                  "Actual Total Time": 251.987,
                  "Actual Rows": 642,
                  "Actual Loops": 1,
                  "Output": ["part_1.p_type", "partsupp_1.ps_supplycost"],
                  "Shared Hit Blocks": 23218,
                  "Shared Read Blocks": 1468,
                  "Shared Dirtied Blocks": 0,
                  "Shared Written Blocks": 0,
                  "Local Hit Blocks": 0,
                  "Local Read Blocks": 0,
                  "Local Dirtied Blocks": 0,
                  "Local Written Blocks": 0,
                  "Temp Read Blocks": 0,
                  "Temp Written Blocks": 0,
                  "I/O Read Time": 0.000,
                  "I/O Write Time": 0.000,
                  "Plans": [
                    {
                      "Node Type": "Nested Loop",
                      "Parent Relationship": "Outer",
                      "Join Type": "Inner",
                      "Startup Cost": 5.52,
                      "Total Cost": 376.53,
                      "Plan Rows": 76,
                      "Plan Width": 31,
                      "Actual Startup Time": 1.220,
                      "Actual Total Time": 247.865,
                      "Actual Rows": 2988,
                      "Actual Loops": 1,
                      "Output": ["part_1.p_type", "partsupp_1.ps_supplycost", "nation_1.n_regionkey"],
                      "Shared Hit Blocks": 17244,
                      "Shared Read Blocks": 1466,
                      "Shared Dirtied Blocks": 0,
                      "Shared Written Blocks": 0,
                      "Local Hit Blocks": 0,
                      "Local Read Blocks": 0,
                      "Local Dirtied Blocks": 0,
                      "Local Written Blocks": 0,
                      "Temp Read Blocks": 0,
                      "Temp Written Blocks": 0,
                      "I/O Read Time": 0.000,
                      "I/O Write Time": 0.000,
                      "Plans": [
                        {
                          "Node Type": "Nested Loop",
                          "Parent Relationship": "Outer",
                          "Join Type": "Inner",
                          "Startup Cost": 5.37,
                          "Total Cost": 362.68,
                          "Plan Rows": 76,
                          "Plan Width": 31,
                          "Actual Startup Time": 1.014,
                          "Actual Total Time": 243.348,
                          "Actual Rows": 2988,
                          "Actual Loops": 1,
                          "Output": ["part_1.p_type", "partsupp_1.ps_supplycost", "supplier_1.s_nationkey"],
                          "Shared Hit Blocks": 11270,
                          "Shared Read Blocks": 1464,
                          "Shared Dirtied Blocks": 0,
                          "Shared Written Blocks": 0,
                          "Local Hit Blocks": 0,
                          "Local Read Blocks": 0,
                          "Local Dirtied Blocks": 0,
                          "Local Written Blocks": 0,
                          "Temp Read Blocks": 0,
                          "Temp Written Blocks": 0,
                          "I/O Read Time": 0.000,
                          "I/O Write Time": 0.000,
                          "Plans": [
                            {
                              "Node Type": "Nested Loop",
                              "Parent Relationship": "Outer",
                              "Join Type": "Inner",
                              "Startup Cost": 5.09,
                              "Total Cost": 338.83,
                              "Plan Rows": 76,
                              "Plan Width": 31,
                              "Actual Startup Time": 1.010,
                              "Actual Total Time": 234.112,
                              "Actual Rows": 2988,
                              "Actual Loops": 1,
                              "Output": ["part_1.p_type", "partsupp_1.ps_supplycost", "partsupp_1.ps_suppkey"],
                              "Shared Hit Blocks": 2319,
                              "Shared Read Blocks": 1438,
                              "Shared Dirtied Blocks": 0,
                              "Shared Written Blocks": 0,
                              "Local Hit Blocks": 0,
                              "Local Read Blocks": 0,
                              "Local Dirtied Blocks": 0,
                              "Local Written Blocks": 0,
                              "Temp Read Blocks": 0,
                              "Temp Written Blocks": 0,
                              "I/O Read Time": 0.000,
                              "I/O Write Time": 0.000,
                              "Plans": [
                                {
                                  "Node Type": "Bitmap Heap Scan",
                                  "Parent Relationship": "Outer",
                                  "Relation Name": "part",
                                  "Schema": "public",
                                  "Alias": "part_1",
                                  "Startup Cost": 4.66,
                                  "Total Cost": 76.92,
                                  "Plan Rows": 19,
                                  "Plan Width": 25,
                                  "Actual Startup Time": 0.818,
                                  "Actual Total Time": 2.242,
                                  "Actual Rows": 747,
                                  "Actual Loops": 1,
                                  "Output": ["part_1.p_partkey", "part_1.p_name", "part_1.p_mfgr", "part_1.p_brand", "part_1.p_type", "part_1.p_size", "part_1.p_container", "part_1.p_retailprice", "part_1.p_comment"],
                                  "Recheck Cond": "(part_1.p_size = 15)",
                                  "Rows Removed by Index Recheck": 0,
                                  "Filter": "(reverse(part_1.p_type) ~~ 'SSARB%'::text)",
                                  "Rows Removed by Filter": 0,
                                  "Exact Heap Blocks": 671,
                                  "Lossy Heap Blocks": 0,
                                  "Shared Hit Blocks": 671,
                                  "Shared Read Blocks": 7,
                                  "Shared Dirtied Blocks": 0,
                                  "Shared Written Blocks": 0,
                                  "Local Hit Blocks": 0,
                                  "Local Read Blocks": 0,
                                  "Local Dirtied Blocks": 0,
                                  "Local Written Blocks": 0,
                                  "Temp Read Blocks": 0,
                                  "Temp Written Blocks": 0,
                                  "I/O Read Time": 0.000,
                                  "I/O Write Time": 0.000,
                                  "Plans": [
                                    {
                                      "Node Type": "Bitmap Index Scan",
                                      "Parent Relationship": "Outer",
                                      "Index Name": "idx_p_size_reverse_type",
                                      "Startup Cost": 0.00,
                                      "Total Cost": 4.66,
                                      "Plan Rows": 19,
                                      "Plan Width": 0,
                                      "Actual Startup Time": 0.187,
                                      "Actual Total Time": 0.187,
                                      "Actual Rows": 747,
                                      "Actual Loops": 1,
                                      "Index Cond": "((part_1.p_size = 15) AND (reverse(part_1.p_type) ~>=~ 'SSARB'::text) AND (reverse(part_1.p_type) ~<~ 'SSARC'::text))",
                                      "Shared Hit Blocks": 0,
                                      "Shared Read Blocks": 7,
                                      "Shared Dirtied Blocks": 0,
                                      "Shared Written Blocks": 0,
                                      "Local Hit Blocks": 0,
                                      "Local Read Blocks": 0,
                                      "Local Dirtied Blocks": 0,
                                      "Local Written Blocks": 0,
                                      "Temp Read Blocks": 0,
                                      "Temp Written Blocks": 0,
                                      "I/O Read Time": 0.000,
                                      "I/O Write Time": 0.000
                                    }
                                  ]
                                },
                                {
                                  "Node Type": "Index Scan",
                                  "Parent Relationship": "Inner",
                                  "Scan Direction": "Forward",
                                  "Index Name": "partsupp_pkey",
                                  "Relation Name": "partsupp",
                                  "Schema": "public",
                                  "Alias": "partsupp_1",
                                  "Startup Cost": 0.42,
                                  "Total Cost": 13.75,
                                  "Plan Rows": 4,
                                  "Plan Width": 14,
                                  "Actual Startup Time": 0.293,
                                  "Actual Total Time": 0.309,
                                  "Actual Rows": 4,
                                  "Actual Loops": 747,
                                  "Output": ["partsupp_1.ps_partkey", "partsupp_1.ps_suppkey", "partsupp_1.ps_availqty", "partsupp_1.ps_supplycost", "partsupp_1.ps_comment"],
                                  "Index Cond": "(partsupp_1.ps_partkey = part_1.p_partkey)",
                                  "Rows Removed by Index Recheck": 0,
                                  "Shared Hit Blocks": 1648,
                                  "Shared Read Blocks": 1431,
                                  "Shared Dirtied Blocks": 0,
                                  "Shared Written Blocks": 0,
                                  "Local Hit Blocks": 0,
                                  "Local Read Blocks": 0,
                                  "Local Dirtied Blocks": 0,
                                  "Local Written Blocks": 0,
                                  "Temp Read Blocks": 0,
                                  "Temp Written Blocks": 0,
                                  "I/O Read Time": 0.000,
                                  "I/O Write Time": 0.000
                                }
                              ]
                            },
                            {
                              "Node Type": "Index Scan",
                              "Parent Relationship": "Inner",
                              "Scan Direction": "Forward",
                              "Index Name": "supplier_pkey",
                              "Relation Name": "supplier",
                              "Schema": "public",
                              "Alias": "supplier_1",
                              "Startup Cost": 0.29,
                              "Total Cost": 0.30,
                              "Plan Rows": 1,
                              "Plan Width": 8,
                              "Actual Startup Time": 0.002,
                              "Actual Total Time": 0.003,
                              "Actual Rows": 1,
                              "Actual Loops": 2988,
                              "Output": ["supplier_1.s_suppkey", "supplier_1.s_name", "supplier_1.s_address", "supplier_1.s_nationkey", "supplier_1.s_phone", "supplier_1.s_acctbal", "supplier_1.s_comment"],
                              "Index Cond": "(supplier_1.s_suppkey = partsupp_1.ps_suppkey)",
                              "Rows Removed by Index Recheck": 0,
                              "Shared Hit Blocks": 8951,
                              "Shared Read Blocks": 26,
                              "Shared Dirtied Blocks": 0,
                              "Shared Written Blocks": 0,
                              "Local Hit Blocks": 0,
                              "Local Read Blocks": 0,
                              "Local Dirtied Blocks": 0,
                              "Local Written Blocks": 0,
                              "Temp Read Blocks": 0,
                              "Temp Written Blocks": 0,
                              "I/O Read Time": 0.000,
                              "I/O Write Time": 0.000
                            }
                          ]
                        },
                        {
                          "Node Type": "Index Scan",
                          "Parent Relationship": "Inner",
                          "Scan Direction": "Forward",
                          "Index Name": "nation_pkey",
                          "Relation Name": "nation",
                          "Schema": "public",
                          "Alias": "nation_1",
                          "Startup Cost": 0.15,
                          "Total Cost": 0.17,
                          "Plan Rows": 1,
                          "Plan Width": 8,
                          "Actual Startup Time": 0.001,
                          "Actual Total Time": 0.001,
                          "Actual Rows": 1,
                          "Actual Loops": 2988,
                          "Output": ["nation_1.n_nationkey", "nation_1.n_name", "nation_1.n_regionkey", "nation_1.n_comment"],
                          "Index Cond": "(nation_1.n_nationkey = supplier_1.s_nationkey)",
                          "Rows Removed by Index Recheck": 0,
                          "Shared Hit Blocks": 5974,
                          "Shared Read Blocks": 2,
                          "Shared Dirtied Blocks": 0,
                          "Shared Written Blocks": 0,
                          "Local Hit Blocks": 0,
                          "Local Read Blocks": 0,
                          "Local Dirtied Blocks": 0,
                          "Local Written Blocks": 0,
                          "Temp Read Blocks": 0,
                          "Temp Written Blocks": 0,
                          "I/O Read Time": 0.000,
                          "I/O Write Time": 0.000
                        }
                      ]
                    },
                    {
                      "Node Type": "Index Scan",
                      "Parent Relationship": "Inner",
                      "Scan Direction": "Forward",
                      "Index Name": "region_pkey",
                      "Relation Name": "region",
                      "Schema": "public",
                      "Alias": "region_1",
                      "Startup Cost": 0.15,
                      "Total Cost": 0.23,
                      "Plan Rows": 1,
                      "Plan Width": 4,
                      "Actual Startup Time": 0.001,
                      "Actual Total Time": 0.001,
                      "Actual Rows": 0,
                      "Actual Loops": 2988,
                      "Output": ["region_1.r_regionkey", "region_1.r_name", "region_1.r_comment"],
                      "Index Cond": "(region_1.r_regionkey = nation_1.n_regionkey)",
                      "Rows Removed by Index Recheck": 0,
                      "Filter": "(region_1.r_name = 'EUROPE'::text)",
                      "Rows Removed by Filter": 1,
                      "Shared Hit Blocks": 5974,
                      "Shared Read Blocks": 2,
                      "Shared Dirtied Blocks": 0,
                      "Shared Written Blocks": 0,
                      "Local Hit Blocks": 0,
                      "Local Read Blocks": 0,
                      "Local Dirtied Blocks": 0,
                      "Local Written Blocks": 0,
                      "Temp Read Blocks": 0,
                      "Temp Written Blocks": 0,
                      "I/O Read Time": 0.000,
                      "I/O Write Time": 0.000
                    }
                  ]
                }
              ]
            }
          ]
        },
        {
          "Node Type": "Nested Loop",
          "Parent Relationship": "Outer",
          "Join Type": "Inner",
          "Startup Cost": 5.70,
          "Total Cost": 91.56,
          "Plan Rows": 1,
          "Plan Width": 180,
          "Actual Startup Time": 253.157,
          "Actual Total Time": 257.122,
          "Actual Rows": 30,
          "Actual Loops": 1,
          "Output": ["supplier.s_acctbal", "supplier.s_name", "nation.n_name", "part.p_partkey", "part.p_mfgr", "supplier.s_address", "supplier.s_phone", "supplier.s_comment"],
          "Shared Hit Blocks": 27185,
          "Shared Read Blocks": 1468,
          "Shared Dirtied Blocks": 0,
          "Shared Written Blocks": 0,
          "Local Hit Blocks": 0,
          "Local Read Blocks": 0,
          "Local Dirtied Blocks": 0,
          "Local Written Blocks": 0,
          "Temp Read Blocks": 0,
          "Temp Written Blocks": 0,
          "I/O Read Time": 0.000,
          "I/O Write Time": 0.000,
          "Plans": [
            {
              "Node Type": "Nested Loop",
              "Parent Relationship": "Outer",
              "Join Type": "Inner",
              "Startup Cost": 5.55,
              "Total Cost": 91.32,
              "Plan Rows": 1,
              "Plan Width": 184,
              "Actual Startup Time": 253.153,
              "Actual Total Time": 257.075,
              "Actual Rows": 30,
              "Actual Loops": 1,
              "Output": ["part.p_partkey", "part.p_mfgr", "supplier.s_acctbal", "supplier.s_name", "supplier.s_address", "supplier.s_phone", "supplier.s_comment", "nation.n_name", "nation.n_regionkey"],
              "Shared Hit Blocks": 27125,
              "Shared Read Blocks": 1468,
              "Shared Dirtied Blocks": 0,
              "Shared Written Blocks": 0,
              "Local Hit Blocks": 0,
              "Local Read Blocks": 0,
              "Local Dirtied Blocks": 0,
              "Local Written Blocks": 0,
              "Temp Read Blocks": 0,
              "Temp Written Blocks": 0,
              "I/O Read Time": 0.000,
              "I/O Write Time": 0.000,
              "Plans": [
                {
                  "Node Type": "Nested Loop",
                  "Parent Relationship": "Outer",
                  "Join Type": "Inner",
                  "Startup Cost": 5.40,
                  "Total Cost": 91.14,
                  "Plan Rows": 1,
                  "Plan Width": 152,
                  "Actual Startup Time": 253.150,
                  "Actual Total Time": 257.031,
                  "Actual Rows": 30,
                  "Actual Loops": 1,
                  "Output": ["part.p_partkey", "part.p_mfgr", "supplier.s_acctbal", "supplier.s_name", "supplier.s_address", "supplier.s_phone", "supplier.s_comment", "supplier.s_nationkey"],
                  "Shared Hit Blocks": 27065,
                  "Shared Read Blocks": 1468,
                  "Shared Dirtied Blocks": 0,
                  "Shared Written Blocks": 0,
                  "Local Hit Blocks": 0,
                  "Local Read Blocks": 0,
                  "Local Dirtied Blocks": 0,
                  "Local Written Blocks": 0,
                  "Temp Read Blocks": 0,
                  "Temp Written Blocks": 0,
                  "I/O Read Time": 0.000,
                  "I/O Write Time": 0.000,
                  "Plans": [
                    {
                      "Node Type": "Nested Loop",
                      "Parent Relationship": "Outer",
                      "Join Type": "Inner",
                      "Startup Cost": 5.12,
                      "Total Cost": 90.83,
                      "Plan Rows": 1,
                      "Plan Width": 23,
                      "Actual Startup Time": 253.146,
                      "Actual Total Time": 256.963,
                      "Actual Rows": 30,
                      "Actual Loops": 1,
                      "Output": ["part.p_partkey", "part.p_mfgr", "partsupp.ps_suppkey"],
                      "Join Filter": "(minpertype.mpt_mincost = partsupp.ps_supplycost)",
                      "Rows Removed by Join Filter": 2958,
                      "Shared Hit Blocks": 26975,
                      "Shared Read Blocks": 1468,
                      "Shared Dirtied Blocks": 0,
                      "Shared Written Blocks": 0,
                      "Local Hit Blocks": 0,
                      "Local Read Blocks": 0,
                      "Local Dirtied Blocks": 0,
                      "Local Written Blocks": 0,
                      "Temp Read Blocks": 0,
                      "Temp Written Blocks": 0,
                      "I/O Read Time": 0.000,
                      "I/O Write Time": 0.000,
                      "Plans": [
                        {
                          "Node Type": "Hash Join",
                          "Parent Relationship": "Outer",
                          "Join Type": "Inner",
                          "Startup Cost": 4.69,
                          "Total Cost": 77.03,
                          "Plan Rows": 1,
                          "Plan Width": 51,
                          "Actual Startup Time": 253.081,
                          "Actual Total Time": 254.118,
                          "Actual Rows": 747,
                          "Actual Loops": 1,
                          "Output": ["part.p_partkey", "part.p_mfgr", "minpertype.mpt_mincost"],
                          "Hash Cond": "(part.p_type = minpertype.mpt_type)",
                          "Shared Hit Blocks": 23896,
                          "Shared Read Blocks": 1468,
                          "Shared Dirtied Blocks": 0,
                          "Shared Written Blocks": 0,
                          "Local Hit Blocks": 0,
                          "Local Read Blocks": 0,
                          "Local Dirtied Blocks": 0,
                          "Local Written Blocks": 0,
                          "Temp Read Blocks": 0,
                          "Temp Written Blocks": 0,
                          "I/O Read Time": 0.000,
                          "I/O Write Time": 0.000,
                          "Plans": [
                            {
                              "Node Type": "Bitmap Heap Scan",
                              "Parent Relationship": "Outer",
                              "Relation Name": "part",
                              "Schema": "public",
                              "Alias": "part",
                              "Startup Cost": 4.66,
                              "Total Cost": 76.92,
                              "Plan Rows": 19,
                              "Plan Width": 40,
                              "Actual Startup Time": 0.254,
                              "Actual Total Time": 1.088,
                              "Actual Rows": 747,
                              "Actual Loops": 1,
                              "Output": ["part.p_partkey", "part.p_name", "part.p_mfgr", "part.p_brand", "part.p_type", "part.p_size", "part.p_container", "part.p_retailprice", "part.p_comment"],
                              "Recheck Cond": "(part.p_size = 15)",
                              "Rows Removed by Index Recheck": 0,
                              "Filter": "(reverse(part.p_type) ~~ 'SSARB%'::text)",
                              "Rows Removed by Filter": 0,
                              "Exact Heap Blocks": 671,
                              "Lossy Heap Blocks": 0,
                              "Shared Hit Blocks": 678,
                              "Shared Read Blocks": 0,
                              "Shared Dirtied Blocks": 0,
                              "Shared Written Blocks": 0,
                              "Local Hit Blocks": 0,
                              "Local Read Blocks": 0,
                              "Local Dirtied Blocks": 0,
                              "Local Written Blocks": 0,
                              "Temp Read Blocks": 0,
                              "Temp Written Blocks": 0,
                              "I/O Read Time": 0.000,
                              "I/O Write Time": 0.000,
                              "Plans": [
                                {
                                  "Node Type": "Bitmap Index Scan",
                                  "Parent Relationship": "Outer",
                                  "Index Name": "idx_p_size_reverse_type",
                                  "Startup Cost": 0.00,
                                  "Total Cost": 4.66,
                                  "Plan Rows": 19,
                                  "Plan Width": 0,
                                  "Actual Startup Time": 0.156,
                                  "Actual Total Time": 0.156,
                                  "Actual Rows": 747,
                                  "Actual Loops": 1,
                                  "Index Cond": "((part.p_size = 15) AND (reverse(part.p_type) ~>=~ 'SSARB'::text) AND (reverse(part.p_type) ~<~ 'SSARC'::text))",
                                  "Shared Hit Blocks": 7,
                                  "Shared Read Blocks": 0,
                                  "Shared Dirtied Blocks": 0,
                                  "Shared Written Blocks": 0,
                                  "Local Hit Blocks": 0,
                                  "Local Read Blocks": 0,
                                  "Local Dirtied Blocks": 0,
                                  "Local Written Blocks": 0,
                                  "Temp Read Blocks": 0,
                                  "Temp Written Blocks": 0,
                                  "I/O Read Time": 0.000,
                                  "I/O Write Time": 0.000
                                }
                              ]
                            },
                            {
                              "Node Type": "Hash",
                              "Parent Relationship": "Inner",
                              "Startup Cost": 0.02,
                              "Total Cost": 0.02,
                              "Plan Rows": 1,
                              "Plan Width": 64,
                              "Actual Startup Time": 252.817,
                              "Actual Total Time": 252.817,
                              "Actual Rows": 30,
                              "Actual Loops": 1,
                              "Output": ["minpertype.mpt_type", "minpertype.mpt_mincost"],
                              "Hash Buckets": 1024,
                              "Original Hash Buckets": 1024,
                              "Hash Batches": 1,
                              "Original Hash Batches": 1,
                              "Peak Memory Usage": 10,
                              "Shared Hit Blocks": 23218,
                              "Shared Read Blocks": 1468,
                              "Shared Dirtied Blocks": 0,
                              "Shared Written Blocks": 0,
                              "Local Hit Blocks": 0,
                              "Local Read Blocks": 0,
                              "Local Dirtied Blocks": 0,
                              "Local Written Blocks": 0,
                              "Temp Read Blocks": 0,
                              "Temp Written Blocks": 0,
                              "I/O Read Time": 0.000,
                              "I/O Write Time": 0.000,
                              "Plans": [
                                {
                                  "Node Type": "CTE Scan",
                                  "Parent Relationship": "Outer",
                                  "CTE Name": "minpertype",
                                  "Alias": "minpertype",
                                  "Startup Cost": 0.00,
                                  "Total Cost": 0.02,
                                  "Plan Rows": 1,
                                  "Plan Width": 64,
                                  "Actual Startup Time": 252.614,
                                  "Actual Total Time": 252.802,
                                  "Actual Rows": 30,
                                  "Actual Loops": 1,
                                  "Output": ["minpertype.mpt_type", "minpertype.mpt_mincost"],
                                  "Shared Hit Blocks": 23218,
                                  "Shared Read Blocks": 1468,
                                  "Shared Dirtied Blocks": 0,
                                  "Shared Written Blocks": 0,
                                  "Local Hit Blocks": 0,
                                  "Local Read Blocks": 0,
                                  "Local Dirtied Blocks": 0,
                                  "Local Written Blocks": 0,
                                  "Temp Read Blocks": 0,
                                  "Temp Written Blocks": 0,
                                  "I/O Read Time": 0.000,
                                  "I/O Write Time": 0.000
                                }
                              ]
                            }
                          ]
                        },
                        {
                          "Node Type": "Index Scan",
                          "Parent Relationship": "Inner",
                          "Scan Direction": "Forward",
                          "Index Name": "partsupp_pkey",
                          "Relation Name": "partsupp",
                          "Schema": "public",
                          "Alias": "partsupp",
                          "Startup Cost": 0.42,
                          "Total Cost": 13.75,
                          "Plan Rows": 4,
                          "Plan Width": 14,
                          "Actual Startup Time": 0.002,
                          "Actual Total Time": 0.003,
                          "Actual Rows": 4,
                          "Actual Loops": 747,
                          "Output": ["partsupp.ps_partkey", "partsupp.ps_suppkey", "partsupp.ps_availqty", "partsupp.ps_supplycost", "partsupp.ps_comment"],
                          "Index Cond": "(partsupp.ps_partkey = part.p_partkey)",
                          "Rows Removed by Index Recheck": 0,
                          "Shared Hit Blocks": 3079,
                          "Shared Read Blocks": 0,
                          "Shared Dirtied Blocks": 0,
                          "Shared Written Blocks": 0,
                          "Local Hit Blocks": 0,
                          "Local Read Blocks": 0,
                          "Local Dirtied Blocks": 0,
                          "Local Written Blocks": 0,
                          "Temp Read Blocks": 0,
                          "Temp Written Blocks": 0,
                          "I/O Read Time": 0.000,
                          "I/O Write Time": 0.000
                        }
                      ]
                    },
                    {
                      "Node Type": "Index Scan",
                      "Parent Relationship": "Inner",
                      "Scan Direction": "Forward",
                      "Index Name": "supplier_pkey",
                      "Relation Name": "supplier",
                      "Schema": "public",
                      "Alias": "supplier",
                      "Startup Cost": 0.29,
                      "Total Cost": 0.30,
                      "Plan Rows": 1,
                      "Plan Width": 137,
                      "Actual Startup Time": 0.002,
                      "Actual Total Time": 0.002,
                      "Actual Rows": 1,
                      "Actual Loops": 30,
                      "Output": ["supplier.s_suppkey", "supplier.s_name", "supplier.s_address", "supplier.s_nationkey", "supplier.s_phone", "supplier.s_acctbal", "supplier.s_comment"],
                      "Index Cond": "(supplier.s_suppkey = partsupp.ps_suppkey)",
                      "Rows Removed by Index Recheck": 0,
                      "Shared Hit Blocks": 90,
                      "Shared Read Blocks": 0,
                      "Shared Dirtied Blocks": 0,
                      "Shared Written Blocks": 0,
                      "Local Hit Blocks": 0,
                      "Local Read Blocks": 0,
                      "Local Dirtied Blocks": 0,
                      "Local Written Blocks": 0,
                      "Temp Read Blocks": 0,
                      "Temp Written Blocks": 0,
                      "I/O Read Time": 0.000,
                      "I/O Write Time": 0.000
                    }
                  ]
                },
                {
                  "Node Type": "Index Scan",
                  "Parent Relationship": "Inner",
                  "Scan Direction": "Forward",
                  "Index Name": "nation_pkey",
                  "Relation Name": "nation",
                  "Schema": "public",
                  "Alias": "nation",
                  "Startup Cost": 0.15,
                  "Total Cost": 0.17,
                  "Plan Rows": 1,
                  "Plan Width": 40,
                  "Actual Startup Time": 0.001,
                  "Actual Total Time": 0.001,
                  "Actual Rows": 1,
                  "Actual Loops": 30,
                  "Output": ["nation.n_nationkey", "nation.n_name", "nation.n_regionkey", "nation.n_comment"],
                  "Index Cond": "(nation.n_nationkey = supplier.s_nationkey)",
                  "Rows Removed by Index Recheck": 0,
                  "Shared Hit Blocks": 60,
                  "Shared Read Blocks": 0,
                  "Shared Dirtied Blocks": 0,
                  "Shared Written Blocks": 0,
                  "Local Hit Blocks": 0,
                  "Local Read Blocks": 0,
                  "Local Dirtied Blocks": 0,
                  "Local Written Blocks": 0,
                  "Temp Read Blocks": 0,
                  "Temp Written Blocks": 0,
                  "I/O Read Time": 0.000,
                  "I/O Write Time": 0.000
                }
              ]
            },
            {
              "Node Type": "Index Scan",
              "Parent Relationship": "Inner",
              "Scan Direction": "Forward",
              "Index Name": "region_pkey",
              "Relation Name": "region",
              "Schema": "public",
              "Alias": "region",
              "Startup Cost": 0.15,
              "Total Cost": 0.23,
              "Plan Rows": 1,
              "Plan Width": 4,
              "Actual Startup Time": 0.001,
              "Actual Total Time": 0.001,
              "Actual Rows": 1,
              "Actual Loops": 30,
              "Output": ["region.r_regionkey", "region.r_name", "region.r_comment"],
              "Index Cond": "(region.r_regionkey = nation.n_regionkey)",
              "Rows Removed by Index Recheck": 0,
              "Filter": "(region.r_name = 'EUROPE'::text)",
              "Rows Removed by Filter": 0,
              "Shared Hit Blocks": 60,
              "Shared Read Blocks": 0,
              "Shared Dirtied Blocks": 0,
              "Shared Written Blocks": 0,
              "Local Hit Blocks": 0,
              "Local Read Blocks": 0,
              "Local Dirtied Blocks": 0,
              "Local Written Blocks": 0,
              "Temp Read Blocks": 0,
              "Temp Written Blocks": 0,
              "I/O Read Time": 0.000,
              "I/O Write Time": 0.000
            }
          ]
        }
      ]
    },
    "Triggers": [
    ],
    "Execution Time": 257.345
  }
]
