- Plan: 
    Node Type: "Sort"
    Startup Cost: 7475.13
    Total Cost: 7475.14
    Plan Rows: 1
    Plan Width: 156
    Actual Startup Time: 334.882
    Actual Total Time: 334.925
    Actual Rows: 460
    Actual Loops: 1
    Output: 
      - "supplier.s_acctbal"
      - "supplier.s_name"
      - "nation.n_name"
      - "part.p_partkey"
      - "part.p_mfgr"
      - "supplier.s_address"
      - "supplier.s_phone"
      - "supplier.s_comment"
    Sort Key: 
      - "supplier.s_acctbal"
      - "nation.n_name"
      - "supplier.s_name"
      - "part.p_partkey"
    Sort Method: "quicksort"
    Sort Space Used: 146
    Sort Space Type: "Memory"
    Shared Hit Blocks: 6188
    Shared Read Blocks: 1390
    Shared Dirtied Blocks: 0
    Shared Written Blocks: 0
    Local Hit Blocks: 0
    Local Read Blocks: 0
    Local Dirtied Blocks: 0
    Local Written Blocks: 0
    Temp Read Blocks: 0
    Temp Written Blocks: 0
    I/O Read Time: 0.000
    I/O Write Time: 0.000
    Plans: 
      - Node Type: "Aggregate"
        Strategy: "Sorted"
        Parent Relationship: "InitPlan"
        Subplan Name: "CTE minperpart"
        Startup Cost: 5516.73
        Total Cost: 5527.48
        Plan Rows: 614
        Plan Width: 10
        Actual Startup Time: 318.647
        Actual Total Time: 319.235
        Actual Rows: 460
        Actual Loops: 1
        Output: 
          - "min(partsupp_1.ps_supplycost)"
          - "partsupp_1.ps_partkey"
        Group Key: 
          - "partsupp_1.ps_partkey"
        Shared Hit Blocks: 1579
        Shared Read Blocks: 1364
        Shared Dirtied Blocks: 0
        Shared Written Blocks: 0
        Local Hit Blocks: 0
        Local Read Blocks: 0
        Local Dirtied Blocks: 0
        Local Written Blocks: 0
        Temp Read Blocks: 0
        Temp Written Blocks: 0
        I/O Read Time: 0.000
        I/O Write Time: 0.000
        Plans: 
          - Node Type: "Sort"
            Parent Relationship: "Outer"
            Startup Cost: 5516.73
            Total Cost: 5518.27
            Plan Rows: 614
            Plan Width: 10
            Actual Startup Time: 318.635
            Actual Total Time: 318.794
            Actual Rows: 642
            Actual Loops: 1
            Output: 
              - "partsupp_1.ps_partkey"
              - "partsupp_1.ps_supplycost"
            Sort Key: 
              - "partsupp_1.ps_partkey"
            Sort Method: "quicksort"
            Sort Space Used: 55
            Sort Space Type: "Memory"
            Shared Hit Blocks: 1579
            Shared Read Blocks: 1364
            Shared Dirtied Blocks: 0
            Shared Written Blocks: 0
            Local Hit Blocks: 0
            Local Read Blocks: 0
            Local Dirtied Blocks: 0
            Local Written Blocks: 0
            Temp Read Blocks: 0
            Temp Written Blocks: 0
            I/O Read Time: 0.000
            I/O Write Time: 0.000
            Plans: 
              - Node Type: "Hash Join"
                Parent Relationship: "Outer"
                Join Type: "Inner"
                Startup Cost: 428.59
                Total Cost: 5488.30
                Plan Rows: 614
                Plan Width: 10
                Actual Startup Time: 13.257
                Actual Total Time: 318.104
                Actual Rows: 642
                Actual Loops: 1
                Output: 
                  - "partsupp_1.ps_partkey"
                  - "partsupp_1.ps_supplycost"
                Hash Cond: "(partsupp_1.ps_suppkey = supplier_1.s_suppkey)"
                Shared Hit Blocks: 1579
                Shared Read Blocks: 1364
                Shared Dirtied Blocks: 0
                Shared Written Blocks: 0
                Local Hit Blocks: 0
                Local Read Blocks: 0
                Local Dirtied Blocks: 0
                Local Written Blocks: 0
                Temp Read Blocks: 0
                Temp Written Blocks: 0
                I/O Read Time: 0.000
                I/O Write Time: 0.000
                Plans: 
                  - Node Type: "Nested Loop"
                    Parent Relationship: "Outer"
                    Join Type: "Inner"
                    Startup Cost: 30.55
                    Total Cost: 5068.75
                    Plan Rows: 3076
                    Plan Width: 14
                    Actual Startup Time: 3.643
                    Actual Total Time: 306.543
                    Actual Rows: 2988
                    Actual Loops: 1
                    Output: 
                      - "partsupp_1.ps_partkey"
                      - "partsupp_1.ps_supplycost"
                      - "partsupp_1.ps_suppkey"
                    Shared Hit Blocks: 1575
                    Shared Read Blocks: 1153
                    Shared Dirtied Blocks: 0
                    Shared Written Blocks: 0
                    Local Hit Blocks: 0
                    Local Read Blocks: 0
                    Local Dirtied Blocks: 0
                    Local Written Blocks: 0
                    Temp Read Blocks: 0
                    Temp Written Blocks: 0
                    I/O Read Time: 0.000
                    I/O Write Time: 0.000
                    Plans: 
                      - Node Type: "Bitmap Heap Scan"
                        Parent Relationship: "Outer"
                        Relation Name: "part"
                        Schema: "public"
                        Alias: "part_1"
                        Startup Cost: 30.13
                        Total Cost: 1913.64
                        Plan Rows: 769
                        Plan Width: 4
                        Actual Startup Time: 2.620
                        Actual Total Time: 21.925
                        Actual Rows: 747
                        Actual Loops: 1
                        Output: 
                          - "part_1.p_partkey"
                          - "part_1.p_name"
                          - "part_1.p_mfgr"
                          - "part_1.p_brand"
                          - "part_1.p_type"
                          - "part_1.p_size"
                          - "part_1.p_container"
                          - "part_1.p_retailprice"
                          - "part_1.p_comment"
                        Recheck Cond: "(part_1.p_size = 15)"
                        Rows Removed by Index Recheck: 0
                        Filter: "(reverse(part_1.p_type) ~~ 'SSARB%'::text)"
                        Rows Removed by Filter: 0
                        Exact Heap Blocks: 468
                        Lossy Heap Blocks: 0
                        Shared Hit Blocks: 2
                        Shared Read Blocks: 473
                        Shared Dirtied Blocks: 0
                        Shared Written Blocks: 0
                        Local Hit Blocks: 0
                        Local Read Blocks: 0
                        Local Dirtied Blocks: 0
                        Local Written Blocks: 0
                        Temp Read Blocks: 0
                        Temp Written Blocks: 0
                        I/O Read Time: 0.000
                        I/O Write Time: 0.000
                        Plans: 
                          - Node Type: "Bitmap Index Scan"
                            Parent Relationship: "Outer"
                            Index Name: "idx_q11_p_size_reverse_type"
                            Startup Cost: 0.00
                            Total Cost: 29.94
                            Plan Rows: 761
                            Plan Width: 0
                            Actual Startup Time: 2.113
                            Actual Total Time: 2.113
                            Actual Rows: 747
                            Actual Loops: 1
                            Index Cond: "((part_1.p_size = 15) AND (reverse(part_1.p_type) ~>=~ 'SSARB'::text) AND (reverse(part_1.p_type) ~<~ 'SSARC'::text))"
                            Shared Hit Blocks: 0
                            Shared Read Blocks: 7
                            Shared Dirtied Blocks: 0
                            Shared Written Blocks: 0
                            Local Hit Blocks: 0
                            Local Read Blocks: 0
                            Local Dirtied Blocks: 0
                            Local Written Blocks: 0
                            Temp Read Blocks: 0
                            Temp Written Blocks: 0
                            I/O Read Time: 0.000
                            I/O Write Time: 0.000
                      - Node Type: "Index Only Scan"
                        Parent Relationship: "Inner"
                        Scan Direction: "Forward"
                        Index Name: "idx_q11_partsupp"
                        Relation Name: "partsupp"
                        Schema: "public"
                        Alias: "partsupp_1"
                        Startup Cost: 0.42
                        Total Cost: 4.06
                        Plan Rows: 4
                        Plan Width: 14
                        Actual Startup Time: 0.374
                        Actual Total Time: 0.378
                        Actual Rows: 4
                        Actual Loops: 747
                        Output: 
                          - "partsupp_1.ps_partkey"
                          - "partsupp_1.ps_suppkey"
                          - "partsupp_1.ps_supplycost"
                        Index Cond: "(partsupp_1.ps_partkey = part_1.p_partkey)"
                        Rows Removed by Index Recheck: 0
                        Heap Fetches: 0
                        Shared Hit Blocks: 1573
                        Shared Read Blocks: 680
                        Shared Dirtied Blocks: 0
                        Shared Written Blocks: 0
                        Local Hit Blocks: 0
                        Local Read Blocks: 0
                        Local Dirtied Blocks: 0
                        Local Written Blocks: 0
                        Temp Read Blocks: 0
                        Temp Written Blocks: 0
                        I/O Read Time: 0.000
                        I/O Write Time: 0.000
                  - Node Type: "Hash"
                    Parent Relationship: "Inner"
                    Startup Cost: 373.03
                    Total Cost: 373.03
                    Plan Rows: 2000
                    Plan Width: 4
                    Actual Startup Time: 9.600
                    Actual Total Time: 9.600
                    Actual Rows: 1987
                    Actual Loops: 1
                    Output: 
                      - "supplier_1.s_suppkey"
                    Hash Buckets: 1024
                    Hash Batches: 1
                    Original Hash Batches: 1
                    Peak Memory Usage: 70
                    Shared Hit Blocks: 4
                    Shared Read Blocks: 211
                    Shared Dirtied Blocks: 0
                    Shared Written Blocks: 0
                    Local Hit Blocks: 0
                    Local Read Blocks: 0
                    Local Dirtied Blocks: 0
                    Local Written Blocks: 0
                    Temp Read Blocks: 0
                    Temp Written Blocks: 0
                    I/O Read Time: 0.000
                    I/O Write Time: 0.000
                    Plans: 
                      - Node Type: "Hash Join"
                        Parent Relationship: "Outer"
                        Join Type: "Inner"
                        Startup Cost: 2.53
                        Total Cost: 373.03
                        Plan Rows: 2000
                        Plan Width: 4
                        Actual Startup Time: 0.041
                        Actual Total Time: 9.026
                        Actual Rows: 1987
                        Actual Loops: 1
                        Output: 
                          - "supplier_1.s_suppkey"
                        Hash Cond: "(supplier_1.s_nationkey = nation_1.n_nationkey)"
                        Shared Hit Blocks: 4
                        Shared Read Blocks: 211
                        Shared Dirtied Blocks: 0
                        Shared Written Blocks: 0
                        Local Hit Blocks: 0
                        Local Read Blocks: 0
                        Local Dirtied Blocks: 0
                        Local Written Blocks: 0
                        Temp Read Blocks: 0
                        Temp Written Blocks: 0
                        I/O Read Time: 0.000
                        I/O Write Time: 0.000
                        Plans: 
                          - Node Type: "Seq Scan"
                            Parent Relationship: "Outer"
                            Relation Name: "supplier"
                            Schema: "public"
                            Alias: "supplier_1"
                            Startup Cost: 0.00
                            Total Cost: 313.00
                            Plan Rows: 10000
                            Plan Width: 8
                            Actual Startup Time: 0.003
                            Actual Total Time: 6.271
                            Actual Rows: 10000
                            Actual Loops: 1
                            Output: 
                              - "supplier_1.s_suppkey"
                              - "supplier_1.s_name"
                              - "supplier_1.s_address"
                              - "supplier_1.s_nationkey"
                              - "supplier_1.s_phone"
                              - "supplier_1.s_acctbal"
                              - "supplier_1.s_comment"
                            Shared Hit Blocks: 2
                            Shared Read Blocks: 211
                            Shared Dirtied Blocks: 0
                            Shared Written Blocks: 0
                            Local Hit Blocks: 0
                            Local Read Blocks: 0
                            Local Dirtied Blocks: 0
                            Local Written Blocks: 0
                            Temp Read Blocks: 0
                            Temp Written Blocks: 0
                            I/O Read Time: 0.000
                            I/O Write Time: 0.000
                          - Node Type: "Hash"
                            Parent Relationship: "Inner"
                            Startup Cost: 2.47
                            Total Cost: 2.47
                            Plan Rows: 5
                            Plan Width: 4
                            Actual Startup Time: 0.026
                            Actual Total Time: 0.026
                            Actual Rows: 5
                            Actual Loops: 1
                            Output: 
                              - "nation_1.n_nationkey"
                            Hash Buckets: 1024
                            Hash Batches: 1
                            Original Hash Batches: 1
                            Peak Memory Usage: 1
                            Shared Hit Blocks: 2
                            Shared Read Blocks: 0
                            Shared Dirtied Blocks: 0
                            Shared Written Blocks: 0
                            Local Hit Blocks: 0
                            Local Read Blocks: 0
                            Local Dirtied Blocks: 0
                            Local Written Blocks: 0
                            Temp Read Blocks: 0
                            Temp Written Blocks: 0
                            I/O Read Time: 0.000
                            I/O Write Time: 0.000
                            Plans: 
                              - Node Type: "Hash Join"
                                Parent Relationship: "Outer"
                                Join Type: "Inner"
                                Startup Cost: 1.07
                                Total Cost: 2.47
                                Plan Rows: 5
                                Plan Width: 4
                                Actual Startup Time: 0.016
                                Actual Total Time: 0.023
                                Actual Rows: 5
                                Actual Loops: 1
                                Output: 
                                  - "nation_1.n_nationkey"
                                Hash Cond: "(nation_1.n_regionkey = region_1.r_regionkey)"
                                Shared Hit Blocks: 2
                                Shared Read Blocks: 0
                                Shared Dirtied Blocks: 0
                                Shared Written Blocks: 0
                                Local Hit Blocks: 0
                                Local Read Blocks: 0
                                Local Dirtied Blocks: 0
                                Local Written Blocks: 0
                                Temp Read Blocks: 0
                                Temp Written Blocks: 0
                                I/O Read Time: 0.000
                                I/O Write Time: 0.000
                                Plans: 
                                  - Node Type: "Seq Scan"
                                    Parent Relationship: "Outer"
                                    Relation Name: "nation"
                                    Schema: "public"
                                    Alias: "nation_1"
                                    Startup Cost: 0.00
                                    Total Cost: 1.25
                                    Plan Rows: 25
                                    Plan Width: 8
                                    Actual Startup Time: 0.001
                                    Actual Total Time: 0.004
                                    Actual Rows: 25
                                    Actual Loops: 1
                                    Output: 
                                      - "nation_1.n_nationkey"
                                      - "nation_1.n_name"
                                      - "nation_1.n_regionkey"
                                      - "nation_1.n_comment"
                                    Shared Hit Blocks: 1
                                    Shared Read Blocks: 0
                                    Shared Dirtied Blocks: 0
                                    Shared Written Blocks: 0
                                    Local Hit Blocks: 0
                                    Local Read Blocks: 0
                                    Local Dirtied Blocks: 0
                                    Local Written Blocks: 0
                                    Temp Read Blocks: 0
                                    Temp Written Blocks: 0
                                    I/O Read Time: 0.000
                                    I/O Write Time: 0.000
                                  - Node Type: "Hash"
                                    Parent Relationship: "Inner"
                                    Startup Cost: 1.06
                                    Total Cost: 1.06
                                    Plan Rows: 1
                                    Plan Width: 4
                                    Actual Startup Time: 0.005
                                    Actual Total Time: 0.005
                                    Actual Rows: 1
                                    Actual Loops: 1
                                    Output: 
                                      - "region_1.r_regionkey"
                                    Hash Buckets: 1024
                                    Hash Batches: 1
                                    Original Hash Batches: 1
                                    Peak Memory Usage: 1
                                    Shared Hit Blocks: 1
                                    Shared Read Blocks: 0
                                    Shared Dirtied Blocks: 0
                                    Shared Written Blocks: 0
                                    Local Hit Blocks: 0
                                    Local Read Blocks: 0
                                    Local Dirtied Blocks: 0
                                    Local Written Blocks: 0
                                    Temp Read Blocks: 0
                                    Temp Written Blocks: 0
                                    I/O Read Time: 0.000
                                    I/O Write Time: 0.000
                                    Plans: 
                                      - Node Type: "Seq Scan"
                                        Parent Relationship: "Outer"
                                        Relation Name: "region"
                                        Schema: "public"
                                        Alias: "region_1"
                                        Startup Cost: 0.00
                                        Total Cost: 1.06
                                        Plan Rows: 1
                                        Plan Width: 4
                                        Actual Startup Time: 0.003
                                        Actual Total Time: 0.003
                                        Actual Rows: 1
                                        Actual Loops: 1
                                        Output: 
                                          - "region_1.r_regionkey"
                                        Filter: "(region_1.r_name = 'EUROPE'::text)"
                                        Rows Removed by Filter: 4
                                        Shared Hit Blocks: 1
                                        Shared Read Blocks: 0
                                        Shared Dirtied Blocks: 0
                                        Shared Written Blocks: 0
                                        Local Hit Blocks: 0
                                        Local Read Blocks: 0
                                        Local Dirtied Blocks: 0
                                        Local Written Blocks: 0
                                        Temp Read Blocks: 0
                                        Temp Written Blocks: 0
                                        I/O Read Time: 0.000
                                        I/O Write Time: 0.000
      - Node Type: "Nested Loop"
        Parent Relationship: "Outer"
        Join Type: "Inner"
        Startup Cost: 1924.10
        Total Cost: 1947.64
        Plan Rows: 1
        Plan Width: 156
        Actual Startup Time: 320.408
        Actual Total Time: 333.999
        Actual Rows: 460
        Actual Loops: 1
        Output: 
          - "supplier.s_acctbal"
          - "supplier.s_name"
          - "nation.n_name"
          - "part.p_partkey"
          - "part.p_mfgr"
          - "supplier.s_address"
          - "supplier.s_phone"
          - "supplier.s_comment"
        Shared Hit Blocks: 6175
        Shared Read Blocks: 1390
        Shared Dirtied Blocks: 0
        Shared Written Blocks: 0
        Local Hit Blocks: 0
        Local Read Blocks: 0
        Local Dirtied Blocks: 0
        Local Written Blocks: 0
        Temp Read Blocks: 0
        Temp Written Blocks: 0
        I/O Read Time: 0.000
        I/O Write Time: 0.000
        Plans: 
          - Node Type: "Nested Loop"
            Parent Relationship: "Outer"
            Join Type: "Inner"
            Startup Cost: 1924.10
            Total Cost: 1946.57
            Plan Rows: 1
            Plan Width: 156
            Actual Startup Time: 320.398
            Actual Total Time: 332.995
            Actual Rows: 460
            Actual Loops: 1
            Output: 
              - "part.p_partkey"
              - "part.p_mfgr"
              - "supplier.s_acctbal"
              - "supplier.s_name"
              - "supplier.s_address"
              - "supplier.s_phone"
              - "supplier.s_comment"
              - "nation.n_name"
            Shared Hit Blocks: 5715
            Shared Read Blocks: 1390
            Shared Dirtied Blocks: 0
            Shared Written Blocks: 0
            Local Hit Blocks: 0
            Local Read Blocks: 0
            Local Dirtied Blocks: 0
            Local Written Blocks: 0
            Temp Read Blocks: 0
            Temp Written Blocks: 0
            I/O Read Time: 0.000
            I/O Write Time: 0.000
            Plans: 
              - Node Type: "Nested Loop"
                Parent Relationship: "Outer"
                Join Type: "Inner"
                Startup Cost: 1923.97
                Total Cost: 1946.40
                Plan Rows: 1
                Plan Width: 152
                Actual Startup Time: 320.392
                Actual Total Time: 332.084
                Actual Rows: 460
                Actual Loops: 1
                Output: 
                  - "part.p_partkey"
                  - "part.p_mfgr"
                  - "supplier.s_acctbal"
                  - "supplier.s_name"
                  - "supplier.s_address"
                  - "supplier.s_phone"
                  - "supplier.s_comment"
                  - "supplier.s_nationkey"
                Shared Hit Blocks: 4795
                Shared Read Blocks: 1390
                Shared Dirtied Blocks: 0
                Shared Written Blocks: 0
                Local Hit Blocks: 0
                Local Read Blocks: 0
                Local Dirtied Blocks: 0
                Local Written Blocks: 0
                Temp Read Blocks: 0
                Temp Written Blocks: 0
                I/O Read Time: 0.000
                I/O Write Time: 0.000
                Plans: 
                  - Node Type: "Nested Loop"
                    Parent Relationship: "Outer"
                    Join Type: "Inner"
                    Startup Cost: 1923.68
                    Total Cost: 1946.08
                    Plan Rows: 1
                    Plan Width: 23
                    Actual Startup Time: 319.987
                    Actual Total Time: 323.775
                    Actual Rows: 460
                    Actual Loops: 1
                    Output: 
                      - "part.p_partkey"
                      - "part.p_mfgr"
                      - "partsupp.ps_suppkey"
                    Join Filter: "(minperpart.mpp_mincost = partsupp.ps_supplycost)"
                    Rows Removed by Join Filter: 1380
                    Shared Hit Blocks: 3441
                    Shared Read Blocks: 1364
                    Shared Dirtied Blocks: 0
                    Shared Written Blocks: 0
                    Local Hit Blocks: 0
                    Local Read Blocks: 0
                    Local Dirtied Blocks: 0
                    Local Written Blocks: 0
                    Temp Read Blocks: 0
                    Temp Written Blocks: 0
                    I/O Read Time: 0.000
                    I/O Write Time: 0.000
                    Plans: 
                      - Node Type: "Hash Join"
                        Parent Relationship: "Outer"
                        Join Type: "Inner"
                        Startup Cost: 1923.26
                        Total Cost: 1937.86
                        Plan Rows: 2
                        Plan Width: 55
                        Actual Startup Time: 319.968
                        Actual Total Time: 321.123
                        Actual Rows: 460
                        Actual Loops: 1
                        Output: 
                          - "part.p_partkey"
                          - "part.p_mfgr"
                          - "minperpart.mpp_mincost"
                          - "minperpart.mpp_partkey"
                        Hash Cond: "(minperpart.mpp_partkey = part.p_partkey)"
                        Shared Hit Blocks: 2054
                        Shared Read Blocks: 1364
                        Shared Dirtied Blocks: 0
                        Shared Written Blocks: 0
                        Local Hit Blocks: 0
                        Local Read Blocks: 0
                        Local Dirtied Blocks: 0
                        Local Written Blocks: 0
                        Temp Read Blocks: 0
                        Temp Written Blocks: 0
                        I/O Read Time: 0.000
                        I/O Write Time: 0.000
                        Plans: 
                          - Node Type: "CTE Scan"
                            Parent Relationship: "Outer"
                            CTE Name: "minperpart"
                            Alias: "minperpart"
                            Startup Cost: 0.00
                            Total Cost: 12.28
                            Plan Rows: 614
                            Plan Width: 36
                            Actual Startup Time: 318.650
                            Actual Total Time: 319.487
                            Actual Rows: 460
                            Actual Loops: 1
                            Output: 
                              - "minperpart.mpp_mincost"
                              - "minperpart.mpp_partkey"
                            Shared Hit Blocks: 1579
                            Shared Read Blocks: 1364
                            Shared Dirtied Blocks: 0
                            Shared Written Blocks: 0
                            Local Hit Blocks: 0
                            Local Read Blocks: 0
                            Local Dirtied Blocks: 0
                            Local Written Blocks: 0
                            Temp Read Blocks: 0
                            Temp Written Blocks: 0
                            I/O Read Time: 0.000
                            I/O Write Time: 0.000
                          - Node Type: "Hash"
                            Parent Relationship: "Inner"
                            Startup Cost: 1913.64
                            Total Cost: 1913.64
                            Plan Rows: 769
                            Plan Width: 19
                            Actual Startup Time: 1.298
                            Actual Total Time: 1.298
                            Actual Rows: 747
                            Actual Loops: 1
                            Output: 
                              - "part.p_partkey"
                              - "part.p_mfgr"
                            Hash Buckets: 1024
                            Hash Batches: 1
                            Original Hash Batches: 1
                            Peak Memory Usage: 38
                            Shared Hit Blocks: 475
                            Shared Read Blocks: 0
                            Shared Dirtied Blocks: 0
                            Shared Written Blocks: 0
                            Local Hit Blocks: 0
                            Local Read Blocks: 0
                            Local Dirtied Blocks: 0
                            Local Written Blocks: 0
                            Temp Read Blocks: 0
                            Temp Written Blocks: 0
                            I/O Read Time: 0.000
                            I/O Write Time: 0.000
                            Plans: 
                              - Node Type: "Bitmap Heap Scan"
                                Parent Relationship: "Outer"
                                Relation Name: "part"
                                Schema: "public"
                                Alias: "part"
                                Startup Cost: 30.13
                                Total Cost: 1913.64
                                Plan Rows: 769
                                Plan Width: 19
                                Actual Startup Time: 0.197
                                Actual Total Time: 1.063
                                Actual Rows: 747
                                Actual Loops: 1
                                Output: 
                                  - "part.p_partkey"
                                  - "part.p_mfgr"
                                Recheck Cond: "(part.p_size = 15)"
                                Rows Removed by Index Recheck: 0
                                Filter: "(reverse(part.p_type) ~~ 'SSARB%'::text)"
                                Rows Removed by Filter: 0
                                Exact Heap Blocks: 468
                                Lossy Heap Blocks: 0
                                Shared Hit Blocks: 475
                                Shared Read Blocks: 0
                                Shared Dirtied Blocks: 0
                                Shared Written Blocks: 0
                                Local Hit Blocks: 0
                                Local Read Blocks: 0
                                Local Dirtied Blocks: 0
                                Local Written Blocks: 0
                                Temp Read Blocks: 0
                                Temp Written Blocks: 0
                                I/O Read Time: 0.000
                                I/O Write Time: 0.000
                                Plans: 
                                  - Node Type: "Bitmap Index Scan"
                                    Parent Relationship: "Outer"
                                    Index Name: "idx_q11_p_size_reverse_type"
                                    Startup Cost: 0.00
                                    Total Cost: 29.94
                                    Plan Rows: 761
                                    Plan Width: 0
                                    Actual Startup Time: 0.132
                                    Actual Total Time: 0.132
                                    Actual Rows: 747
                                    Actual Loops: 1
                                    Index Cond: "((part.p_size = 15) AND (reverse(part.p_type) ~>=~ 'SSARB'::text) AND (reverse(part.p_type) ~<~ 'SSARC'::text))"
                                    Shared Hit Blocks: 7
                                    Shared Read Blocks: 0
                                    Shared Dirtied Blocks: 0
                                    Shared Written Blocks: 0
                                    Local Hit Blocks: 0
                                    Local Read Blocks: 0
                                    Local Dirtied Blocks: 0
                                    Local Written Blocks: 0
                                    Temp Read Blocks: 0
                                    Temp Written Blocks: 0
                                    I/O Read Time: 0.000
                                    I/O Write Time: 0.000
                      - Node Type: "Index Only Scan"
                        Parent Relationship: "Inner"
                        Scan Direction: "Forward"
                        Index Name: "idx_q11_partsupp"
                        Relation Name: "partsupp"
                        Schema: "public"
                        Alias: "partsupp"
                        Startup Cost: 0.42
                        Total Cost: 4.06
                        Plan Rows: 4
                        Plan Width: 14
                        Actual Startup Time: 0.003
                        Actual Total Time: 0.004
                        Actual Rows: 4
                        Actual Loops: 460
                        Output: 
                          - "partsupp.ps_partkey"
                          - "partsupp.ps_suppkey"
                          - "partsupp.ps_supplycost"
                        Index Cond: "(partsupp.ps_partkey = part.p_partkey)"
                        Rows Removed by Index Recheck: 0
                        Heap Fetches: 0
                        Shared Hit Blocks: 1387
                        Shared Read Blocks: 0
                        Shared Dirtied Blocks: 0
                        Shared Written Blocks: 0
                        Local Hit Blocks: 0
                        Local Read Blocks: 0
                        Local Dirtied Blocks: 0
                        Local Written Blocks: 0
                        Temp Read Blocks: 0
                        Temp Written Blocks: 0
                        I/O Read Time: 0.000
                        I/O Write Time: 0.000
                  - Node Type: "Index Scan"
                    Parent Relationship: "Inner"
                    Scan Direction: "Forward"
                    Index Name: "supplier_pkey"
                    Relation Name: "supplier"
                    Schema: "public"
                    Alias: "supplier"
                    Startup Cost: 0.29
                    Total Cost: 0.31
                    Plan Rows: 1
                    Plan Width: 137
                    Actual Startup Time: 0.017
                    Actual Total Time: 0.017
                    Actual Rows: 1
                    Actual Loops: 460
                    Output: 
                      - "supplier.s_suppkey"
                      - "supplier.s_name"
                      - "supplier.s_address"
                      - "supplier.s_nationkey"
                      - "supplier.s_phone"
                      - "supplier.s_acctbal"
                      - "supplier.s_comment"
                    Index Cond: "(supplier.s_suppkey = partsupp.ps_suppkey)"
                    Rows Removed by Index Recheck: 0
                    Shared Hit Blocks: 1354
                    Shared Read Blocks: 26
                    Shared Dirtied Blocks: 0
                    Shared Written Blocks: 0
                    Local Hit Blocks: 0
                    Local Read Blocks: 0
                    Local Dirtied Blocks: 0
                    Local Written Blocks: 0
                    Temp Read Blocks: 0
                    Temp Written Blocks: 0
                    I/O Read Time: 0.000
                    I/O Write Time: 0.000
              - Node Type: "Index Scan"
                Parent Relationship: "Inner"
                Scan Direction: "Forward"
                Index Name: "nation_pkey"
                Relation Name: "nation"
                Schema: "public"
                Alias: "nation"
                Startup Cost: 0.14
                Total Cost: 0.16
                Plan Rows: 1
                Plan Width: 12
                Actual Startup Time: 0.001
                Actual Total Time: 0.001
                Actual Rows: 1
                Actual Loops: 460
                Output: 
                  - "nation.n_nationkey"
                  - "nation.n_name"
                  - "nation.n_regionkey"
                  - "nation.n_comment"
                Index Cond: "(nation.n_nationkey = supplier.s_nationkey)"
                Rows Removed by Index Recheck: 0
                Shared Hit Blocks: 920
                Shared Read Blocks: 0
                Shared Dirtied Blocks: 0
                Shared Written Blocks: 0
                Local Hit Blocks: 0
                Local Read Blocks: 0
                Local Dirtied Blocks: 0
                Local Written Blocks: 0
                Temp Read Blocks: 0
                Temp Written Blocks: 0
                I/O Read Time: 0.000
                I/O Write Time: 0.000
          - Node Type: "Seq Scan"
            Parent Relationship: "Inner"
            Relation Name: "region"
            Schema: "public"
            Alias: "region"
            Startup Cost: 0.00
            Total Cost: 1.06
            Plan Rows: 1
            Plan Width: 0
            Actual Startup Time: 0.001
            Actual Total Time: 0.001
            Actual Rows: 1
            Actual Loops: 460
            Output: 
              - "region.r_regionkey"
              - "region.r_name"
              - "region.r_comment"
            Filter: "(region.r_name = 'EUROPE'::text)"
            Rows Removed by Filter: 4
            Shared Hit Blocks: 460
            Shared Read Blocks: 0
            Shared Dirtied Blocks: 0
            Shared Written Blocks: 0
            Local Hit Blocks: 0
            Local Read Blocks: 0
            Local Dirtied Blocks: 0
            Local Written Blocks: 0
            Temp Read Blocks: 0
            Temp Written Blocks: 0
            I/O Read Time: 0.000
            I/O Write Time: 0.000
  Triggers: 
  Execution Time: 335.209
