[
  {
    "Plan": {
      "Node Type": "Sort",
      "Startup Cost": 47456.94,
      "Total Cost": 47464.19,
      "Plan Rows": 2901,
      "Plan Width": 38,
      "Actual Startup Time": 4367.147,
      "Actual Total Time": 4370.047,
      "Actual Rows": 18314,
      "Actual Loops": 1,
      "Output": ["part.p_brand", "part.p_type", "part.p_size", "(count(DISTINCT partsupp.ps_suppkey))"],
      "Sort Key": ["(count(DISTINCT partsupp.ps_suppkey))", "part.p_brand", "part.p_type", "part.p_size"],
      "Sort Method": "quicksort",
      "Sort Space Used": 2199,
      "Sort Space Type": "Memory",
      "Shared Hit Blocks": 15,
      "Shared Read Blocks": 21375,
      "Shared Dirtied Blocks": 0,
      "Shared Written Blocks": 0,
      "Local Hit Blocks": 0,
      "Local Read Blocks": 0,
      "Local Dirtied Blocks": 0,
      "Local Written Blocks": 0,
      "Temp Read Blocks": 724,
      "Temp Written Blocks": 724,
      "I/O Read Time": 0.000,
      "I/O Write Time": 0.000,
      "Plans": [
        {
          "Node Type": "Aggregate",
          "Strategy": "Sorted",
          "Parent Relationship": "Outer",
          "Startup Cost": 46536.01,
          "Total Cost": 47290.09,
          "Plan Rows": 2901,
          "Plan Width": 38,
          "Actual Startup Time": 3668.739,
          "Actual Total Time": 4116.074,
          "Actual Rows": 18314,
          "Actual Loops": 1,
          "Output": ["part.p_brand", "part.p_type", "part.p_size", "count(DISTINCT partsupp.ps_suppkey)"],
          "Group Key": ["part.p_brand", "part.p_type", "part.p_size"],
          "Shared Hit Blocks": 4,
          "Shared Read Blocks": 21375,
          "Shared Dirtied Blocks": 0,
          "Shared Written Blocks": 0,
          "Local Hit Blocks": 0,
          "Local Read Blocks": 0,
          "Local Dirtied Blocks": 0,
          "Local Written Blocks": 0,
          "Temp Read Blocks": 724,
          "Temp Written Blocks": 724,
          "I/O Read Time": 0.000,
          "I/O Write Time": 0.000,
          "Plans": [
            {
              "Node Type": "Sort",
              "Parent Relationship": "Outer",
              "Startup Cost": 46536.01,
              "Total Cost": 46681.02,
              "Plan Rows": 58006,
              "Plan Width": 38,
              "Actual Startup Time": 3668.687,
              "Actual Total Time": 4045.501,
              "Actual Rows": 118274,
              "Actual Loops": 1,
              "Output": ["part.p_brand", "part.p_type", "part.p_size", "partsupp.ps_suppkey"],
              "Sort Key": ["part.p_brand", "part.p_type", "part.p_size"],
              "Sort Method": "external merge",
              "Sort Space Used": 5776,
              "Sort Space Type": "Disk",
              "Shared Hit Blocks": 4,
              "Shared Read Blocks": 21375,
              "Shared Dirtied Blocks": 0,
              "Shared Written Blocks": 0,
              "Local Hit Blocks": 0,
              "Local Read Blocks": 0,
              "Local Dirtied Blocks": 0,
              "Local Written Blocks": 0,
              "Temp Read Blocks": 724,
              "Temp Written Blocks": 724,
              "I/O Read Time": 0.000,
              "I/O Write Time": 0.000,
              "Plans": [
                {
                  "Node Type": "Hash Join",
                  "Parent Relationship": "Outer",
                  "Join Type": "Inner",
                  "Startup Cost": 9415.54,
                  "Total Cost": 41946.60,
                  "Plan Rows": 58006,
                  "Plan Width": 38,
                  "Actual Startup Time": 290.838,
                  "Actual Total Time": 1146.893,
                  "Actual Rows": 118274,
                  "Actual Loops": 1,
                  "Output": ["part.p_brand", "part.p_type", "part.p_size", "partsupp.ps_suppkey"],
                  "Hash Cond": "(partsupp.ps_partkey = part.p_partkey)",
                  "Shared Hit Blocks": 4,
                  "Shared Read Blocks": 21375,
                  "Shared Dirtied Blocks": 0,
                  "Shared Written Blocks": 0,
                  "Local Hit Blocks": 0,
                  "Local Read Blocks": 0,
                  "Local Dirtied Blocks": 0,
                  "Local Written Blocks": 0,
                  "Temp Read Blocks": 0,
                  "Temp Written Blocks": 0,
                  "I/O Read Time": 0.000,
                  "I/O Write Time": 0.000,
                  "Plans": [
                    {
                      "Node Type": "Seq Scan",
                      "Parent Relationship": "Outer",
                      "Relation Name": "partsupp",
                      "Schema": "public",
                      "Alias": "partsupp",
                      "Startup Cost": 338.00,
                      "Total Cost": 27789.00,
                      "Plan Rows": 400000,
                      "Plan Width": 8,
                      "Actual Startup Time": 15.655,
                      "Actual Total Time": 582.698,
                      "Actual Rows": 799680,
                      "Actual Loops": 1,
                      "Output": ["partsupp.ps_partkey", "partsupp.ps_suppkey", "partsupp.ps_availqty", "partsupp.ps_supplycost", "partsupp.ps_comment"],
                      "Filter": "(NOT (hashed SubPlan 1))",
                      "Rows Removed by Filter": 320,
                      "Shared Hit Blocks": 2,
                      "Shared Read Blocks": 17662,
                      "Shared Dirtied Blocks": 0,
                      "Shared Written Blocks": 0,
                      "Local Hit Blocks": 0,
                      "Local Read Blocks": 0,
                      "Local Dirtied Blocks": 0,
                      "Local Written Blocks": 0,
                      "Temp Read Blocks": 0,
                      "Temp Written Blocks": 0,
                      "I/O Read Time": 0.000,
                      "I/O Write Time": 0.000,
                      "Plans": [
                        {
                          "Node Type": "Seq Scan",
                          "Parent Relationship": "SubPlan",
                          "Subplan Name": "SubPlan 1",
                          "Relation Name": "supplier",
                          "Schema": "public",
                          "Alias": "supplier",
                          "Startup Cost": 0.00,
                          "Total Cost": 338.00,
                          "Plan Rows": 1,
                          "Plan Width": 4,
                          "Actual Startup Time": 1.758,
                          "Actual Total Time": 15.629,
                          "Actual Rows": 4,
                          "Actual Loops": 1,
                          "Output": ["supplier.s_suppkey"],
                          "Filter": "(supplier.s_comment ~~ '%Customer%Complaints%'::text)",
                          "Rows Removed by Filter": 9996,
                          "Shared Hit Blocks": 0,
                          "Shared Read Blocks": 213,
                          "Shared Dirtied Blocks": 0,
                          "Shared Written Blocks": 0,
                          "Local Hit Blocks": 0,
                          "Local Read Blocks": 0,
                          "Local Dirtied Blocks": 0,
                          "Local Written Blocks": 0,
                          "Temp Read Blocks": 0,
                          "Temp Written Blocks": 0,
                          "I/O Read Time": 0.000,
                          "I/O Write Time": 0.000
                        }
                      ]
                    },
                    {
                      "Node Type": "Hash",
                      "Parent Relationship": "Inner",
                      "Startup Cost": 8715.00,
                      "Total Cost": 8715.00,
                      "Plan Rows": 29003,
                      "Plan Width": 38,
                      "Actual Startup Time": 275.142,
                      "Actual Total Time": 275.142,
                      "Actual Rows": 29581,
                      "Actual Loops": 1,
                      "Output": ["part.p_brand", "part.p_type", "part.p_size", "part.p_partkey"],
                      "Hash Buckets": 4096,
                      "Hash Batches": 1,
                      "Original Hash Batches": 1,
                      "Peak Memory Usage": 2083,
                      "Shared Hit Blocks": 2,
                      "Shared Read Blocks": 3713,
                      "Shared Dirtied Blocks": 0,
                      "Shared Written Blocks": 0,
                      "Local Hit Blocks": 0,
                      "Local Read Blocks": 0,
                      "Local Dirtied Blocks": 0,
                      "Local Written Blocks": 0,
                      "Temp Read Blocks": 0,
                      "Temp Written Blocks": 0,
                      "I/O Read Time": 0.000,
                      "I/O Write Time": 0.000,
                      "Plans": [
                        {
                          "Node Type": "Seq Scan",
                          "Parent Relationship": "Outer",
                          "Relation Name": "part",
                          "Schema": "public",
                          "Alias": "part",
                          "Startup Cost": 0.00,
                          "Total Cost": 8715.00,
                          "Plan Rows": 29003,
                          "Plan Width": 38,
                          "Actual Startup Time": 0.007,
                          "Actual Total Time": 263.814,
                          "Actual Rows": 29581,
                          "Actual Loops": 1,
                          "Output": ["part.p_brand", "part.p_type", "part.p_size", "part.p_partkey"],
                          "Filter": "((part.p_brand <> 'brand#45'::text) AND (part.p_type !~~ 'MEDIUM POLISHED%'::text) AND (part.p_size = ANY ('{49,14,23,45,19,3,36,9}'::integer[])))",
                          "Rows Removed by Filter": 170419,
                          "Shared Hit Blocks": 2,
                          "Shared Read Blocks": 3713,
                          "Shared Dirtied Blocks": 0,
                          "Shared Written Blocks": 0,
                          "Local Hit Blocks": 0,
                          "Local Read Blocks": 0,
                          "Local Dirtied Blocks": 0,
                          "Local Written Blocks": 0,
                          "Temp Read Blocks": 0,
                          "Temp Written Blocks": 0,
                          "I/O Read Time": 0.000,
                          "I/O Write Time": 0.000
                        }
                      ]
                    }
                  ]
                }
              ]
            }
          ]
        }
      ]
    },
    "Triggers": [
    ],
    "Execution Time": 4374.288
  }
]
