[
  {
    "Plan": {
      "Node Type": "Sort",
      "Startup Cost": 358658.52,
      "Total Cost": 359464.51,
      "Plan Rows": 322395,
      "Plan Width": 24,
      "Actual Startup Time": 14261.114,
      "Actual Total Time": 14262.668,
      "Actual Rows": 11620,
      "Actual Loops": 1,
      "Output": ["lineitem.l_orderkey", "(sum((lineitem.l_extendedprice * (1::numeric - lineitem.l_discount))))", "orders.o_orderdate", "orders.o_shippriority"],
      "Sort Key": ["(sum((lineitem.l_extendedprice * (1::numeric - lineitem.l_discount))))", "orders.o_orderdate"],
      "Sort Method": "quicksort",
      "Sort Space Used": 1292,
      "Sort Space Type": "Memory",
      "Shared Hit Blocks": 506056,
      "Shared Read Blocks": 120823,
      "Shared Dirtied Blocks": 0,
      "Shared Written Blocks": 0,
      "Local Hit Blocks": 0,
      "Local Read Blocks": 0,
      "Local Dirtied Blocks": 0,
      "Local Written Blocks": 0,
      "Temp Read Blocks": 0,
      "Temp Written Blocks": 0,
      "I/O Read Time": 0.000,
      "I/O Write Time": 0.000,
      "Plans": [
        {
          "Node Type": "Aggregate",
          "Strategy": "Sorted",
          "Parent Relationship": "Outer",
          "Startup Cost": 312874.99,
          "Total Cost": 322546.84,
          "Plan Rows": 322395,
          "Plan Width": 24,
          "Actual Startup Time": 14217.454,
          "Actual Total Time": 14246.666,
          "Actual Rows": 11620,
          "Actual Loops": 1,
          "Output": ["lineitem.l_orderkey", "sum((lineitem.l_extendedprice * (1::numeric - lineitem.l_discount)))", "orders.o_orderdate", "orders.o_shippriority"],
          "Group Key": ["lineitem.l_orderkey", "orders.o_orderdate", "orders.o_shippriority"],
          "Shared Hit Blocks": 506048,
          "Shared Read Blocks": 120823,
          "Shared Dirtied Blocks": 0,
          "Shared Written Blocks": 0,
          "Local Hit Blocks": 0,
          "Local Read Blocks": 0,
          "Local Dirtied Blocks": 0,
          "Local Written Blocks": 0,
          "Temp Read Blocks": 0,
          "Temp Written Blocks": 0,
          "I/O Read Time": 0.000,
          "I/O Write Time": 0.000,
          "Plans": [
            {
              "Node Type": "Sort",
              "Parent Relationship": "Outer",
              "Startup Cost": 312874.99,
              "Total Cost": 313680.98,
              "Plan Rows": 322395,
              "Plan Width": 24,
              "Actual Startup Time": 14216.247,
              "Actual Total Time": 14220.303,
              "Actual Rows": 30519,
              "Actual Loops": 1,
              "Output": ["lineitem.l_orderkey", "orders.o_orderdate", "orders.o_shippriority", "lineitem.l_extendedprice", "lineitem.l_discount"],
              "Sort Key": ["lineitem.l_orderkey", "orders.o_orderdate", "orders.o_shippriority"],
              "Sort Method": "quicksort",
              "Sort Space Used": 3153,
              "Sort Space Type": "Memory",
              "Shared Hit Blocks": 506048,
              "Shared Read Blocks": 120823,
              "Shared Dirtied Blocks": 0,
              "Shared Written Blocks": 0,
              "Local Hit Blocks": 0,
              "Local Read Blocks": 0,
              "Local Dirtied Blocks": 0,
              "Local Written Blocks": 0,
              "Temp Read Blocks": 0,
              "Temp Written Blocks": 0,
              "I/O Read Time": 0.000,
              "I/O Write Time": 0.000,
              "Plans": [
                {
                  "Node Type": "Nested Loop",
                  "Parent Relationship": "Outer",
                  "Join Type": "Inner",
                  "Startup Cost": 5825.12,
                  "Total Cost": 276763.32,
                  "Plan Rows": 322395,
                  "Plan Width": 24,
                  "Actual Startup Time": 49.895,
                  "Actual Total Time": 14193.754,
                  "Actual Rows": 30519,
                  "Actual Loops": 1,
                  "Output": ["lineitem.l_orderkey", "orders.o_orderdate", "orders.o_shippriority", "lineitem.l_extendedprice", "lineitem.l_discount"],
                  "Shared Hit Blocks": 506045,
                  "Shared Read Blocks": 120823,
                  "Shared Dirtied Blocks": 0,
                  "Shared Written Blocks": 0,
                  "Local Hit Blocks": 0,
                  "Local Read Blocks": 0,
                  "Local Dirtied Blocks": 0,
                  "Local Written Blocks": 0,
                  "Temp Read Blocks": 0,
                  "Temp Written Blocks": 0,
                  "I/O Read Time": 0.000,
                  "I/O Write Time": 0.000,
                  "Plans": [
                    {
                      "Node Type": "Hash Join",
                      "Parent Relationship": "Outer",
                      "Join Type": "Inner",
                      "Startup Cost": 5824.69,
                      "Total Cost": 59443.51,
                      "Plan Rows": 148867,
                      "Plan Width": 12,
                      "Actual Startup Time": 45.529,
                      "Actual Total Time": 1287.864,
                      "Actual Rows": 147126,
                      "Actual Loops": 1,
                      "Output": ["orders.o_orderdate", "orders.o_shippriority", "orders.o_orderkey"],
                      "Hash Cond": "(orders.o_custkey = customer.c_custkey)",
                      "Shared Hit Blocks": 3567,
                      "Shared Read Blocks": 25195,
                      "Shared Dirtied Blocks": 0,
                      "Shared Written Blocks": 0,
                      "Local Hit Blocks": 0,
                      "Local Read Blocks": 0,
                      "Local Dirtied Blocks": 0,
                      "Local Written Blocks": 0,
                      "Temp Read Blocks": 0,
                      "Temp Written Blocks": 0,
                      "I/O Read Time": 0.000,
                      "I/O Write Time": 0.000,
                      "Plans": [
                        {
                          "Node Type": "Seq Scan",
                          "Parent Relationship": "Outer",
                          "Relation Name": "orders",
                          "Schema": "public",
                          "Alias": "orders",
                          "Startup Cost": 0.00,
                          "Total Cost": 43946.00,
                          "Plan Rows": 727480,
                          "Plan Width": 16,
                          "Actual Startup Time": 0.006,
                          "Actual Total Time": 668.421,
                          "Actual Rows": 727305,
                          "Actual Loops": 1,
                          "Output": ["orders.o_orderkey", "orders.o_custkey", "orders.o_orderstatus", "orders.o_totalprice", "orders.o_orderdate", "orders.o_orderpriority", "orders.o_clerk", "orders.o_shippriority", "orders.o_comment"],
                          "Filter": "(orders.o_orderdate < '1995-03-15'::date)",
                          "Rows Removed by Filter": 772695,
                          "Shared Hit Blocks": 1,
                          "Shared Read Blocks": 25195,
                          "Shared Dirtied Blocks": 0,
                          "Shared Written Blocks": 0,
                          "Local Hit Blocks": 0,
                          "Local Read Blocks": 0,
                          "Local Dirtied Blocks": 0,
                          "Local Written Blocks": 0,
                          "Temp Read Blocks": 0,
                          "Temp Written Blocks": 0,
                          "I/O Read Time": 0.000,
                          "I/O Write Time": 0.000
                        },
                        {
                          "Node Type": "Hash",
                          "Parent Relationship": "Inner",
                          "Startup Cost": 5441.00,
                          "Total Cost": 5441.00,
                          "Plan Rows": 30695,
                          "Plan Width": 4,
                          "Actual Startup Time": 45.491,
                          "Actual Total Time": 45.491,
                          "Actual Rows": 30142,
                          "Actual Loops": 1,
                          "Output": ["customer.c_custkey"],
                          "Hash Buckets": 4096,
                          "Hash Batches": 1,
                          "Original Hash Batches": 1,
                          "Peak Memory Usage": 1060,
                          "Shared Hit Blocks": 3566,
                          "Shared Read Blocks": 0,
                          "Shared Dirtied Blocks": 0,
                          "Shared Written Blocks": 0,
                          "Local Hit Blocks": 0,
                          "Local Read Blocks": 0,
                          "Local Dirtied Blocks": 0,
                          "Local Written Blocks": 0,
                          "Temp Read Blocks": 0,
                          "Temp Written Blocks": 0,
                          "I/O Read Time": 0.000,
                          "I/O Write Time": 0.000,
                          "Plans": [
                            {
                              "Node Type": "Seq Scan",
                              "Parent Relationship": "Outer",
                              "Relation Name": "customer",
                              "Schema": "public",
                              "Alias": "customer",
                              "Startup Cost": 0.00,
                              "Total Cost": 5441.00,
                              "Plan Rows": 30695,
                              "Plan Width": 4,
                              "Actual Startup Time": 0.005,
                              "Actual Total Time": 37.129,
                              "Actual Rows": 30142,
                              "Actual Loops": 1,
                              "Output": ["customer.c_custkey"],
                              "Filter": "(customer.c_mktsegment = 'BUILDING'::text)",
                              "Rows Removed by Filter": 119858,
                              "Shared Hit Blocks": 3566,
                              "Shared Read Blocks": 0,
                              "Shared Dirtied Blocks": 0,
                              "Shared Written Blocks": 0,
                              "Local Hit Blocks": 0,
                              "Local Read Blocks": 0,
                              "Local Dirtied Blocks": 0,
                              "Local Written Blocks": 0,
                              "Temp Read Blocks": 0,
                              "Temp Written Blocks": 0,
                              "I/O Read Time": 0.000,
                              "I/O Write Time": 0.000
                            }
                          ]
                        }
                      ]
                    },
                    {
                      "Node Type": "Index Scan",
                      "Parent Relationship": "Inner",
                      "Scan Direction": "Forward",
                      "Index Name": "lineitem_pkey",
                      "Relation Name": "lineitem",
                      "Schema": "public",
                      "Alias": "lineitem",
                      "Startup Cost": 0.43,
                      "Total Cost": 1.38,
                      "Plan Rows": 8,
                      "Plan Width": 16,
                      "Actual Startup Time": 0.087,
                      "Actual Total Time": 0.087,
                      "Actual Rows": 0,
                      "Actual Loops": 147126,
                      "Output": ["lineitem.l_orderkey", "lineitem.l_partkey", "lineitem.l_suppkey", "lineitem.l_linenumber", "lineitem.l_quantity", "lineitem.l_extendedprice", "lineitem.l_discount", "lineitem.l_tax", "lineitem.l_returnflag", "lineitem.l_linestatus", "lineitem.l_shipdate", "lineitem.l_commitdate", "lineitem.l_receiptdate", "lineitem.l_shipinstruct", "lineitem.l_shipmode", "lineitem.l_comment"],
                      "Index Cond": "(lineitem.l_orderkey = orders.o_orderkey)",
                      "Rows Removed by Index Recheck": 0,
                      "Filter": "(lineitem.l_shipdate > '1995-03-15'::date)",
                      "Rows Removed by Filter": 4,
                      "Shared Hit Blocks": 502478,
                      "Shared Read Blocks": 95628,
                      "Shared Dirtied Blocks": 0,
                      "Shared Written Blocks": 0,
                      "Local Hit Blocks": 0,
                      "Local Read Blocks": 0,
                      "Local Dirtied Blocks": 0,
                      "Local Written Blocks": 0,
                      "Temp Read Blocks": 0,
                      "Temp Written Blocks": 0,
                      "I/O Read Time": 0.000,
                      "I/O Write Time": 0.000
                    }
                  ]
                }
              ]
            }
          ]
        }
      ]
    },
    "Triggers": [
    ],
    "Execution Time": 14265.400
  }
]
