[
  {
    "Plan": {
      "Node Type": "Sort",
      "Startup Cost": 304516.18,
      "Total Cost": 304516.19,
      "Plan Rows": 1,
      "Plan Width": 14,
      "Actual Startup Time": 12554.553,
      "Actual Total Time": 12554.553,
      "Actual Rows": 2,
      "Actual Loops": 1,
      "Output": ["lineitem.l_shipmode", "(sum(CASE WHEN ((orders.o_orderpriority = '1-URGENT'::text) OR (orders.o_orderpriority = '2-HIGH'::text)) THEN 1 ELSE 0 END))", "(sum(CASE WHEN ((orders.o_orderpriority <> '1-URGENT'::text) AND (orders.o_orderpriority <> '2-HIGH'::text)) THEN 1 ELSE 0 END))"],
      "Sort Key": ["lineitem.l_shipmode"],
      "Sort Method": "quicksort",
      "Sort Space Used": 25,
      "Sort Space Type": "Memory",
      "Shared Hit Blocks": 10381,
      "Shared Read Blocks": 119398,
      "Shared Dirtied Blocks": 0,
      "Shared Written Blocks": 0,
      "Local Hit Blocks": 0,
      "Local Read Blocks": 0,
      "Local Dirtied Blocks": 0,
      "Local Written Blocks": 0,
      "Temp Read Blocks": 0,
      "Temp Written Blocks": 0,
      "I/O Read Time": 0.000,
      "I/O Write Time": 0.000,
      "Plans": [
        {
          "Node Type": "Aggregate",
          "Strategy": "Hashed",
          "Parent Relationship": "Outer",
          "Startup Cost": 304516.16,
          "Total Cost": 304516.17,
          "Plan Rows": 1,
          "Plan Width": 14,
          "Actual Startup Time": 12553.886,
          "Actual Total Time": 12553.886,
          "Actual Rows": 2,
          "Actual Loops": 1,
          "Output": ["lineitem.l_shipmode", "sum(CASE WHEN ((orders.o_orderpriority = '1-URGENT'::text) OR (orders.o_orderpriority = '2-HIGH'::text)) THEN 1 ELSE 0 END)", "sum(CASE WHEN ((orders.o_orderpriority <> '1-URGENT'::text) AND (orders.o_orderpriority <> '2-HIGH'::text)) THEN 1 ELSE 0 END)"],
          "Group Key": ["lineitem.l_shipmode"],
          "Shared Hit Blocks": 10376,
          "Shared Read Blocks": 119398,
          "Shared Dirtied Blocks": 0,
          "Shared Written Blocks": 0,
          "Local Hit Blocks": 0,
          "Local Read Blocks": 0,
          "Local Dirtied Blocks": 0,
          "Local Written Blocks": 0,
          "Temp Read Blocks": 0,
          "Temp Written Blocks": 0,
          "I/O Read Time": 0.000,
          "I/O Write Time": 0.000,
          "Plans": [
            {
              "Node Type": "Merge Join",
              "Parent Relationship": "Outer",
              "Join Type": "Inner",
              "Startup Cost": 235680.92,
              "Total Cost": 304016.24,
              "Plan Rows": 28567,
              "Plan Width": 14,
              "Actual Startup Time": 11573.970,
              "Actual Total Time": 12526.520,
              "Actual Rows": 30988,
              "Actual Loops": 1,
              "Output": ["orders.o_orderpriority", "lineitem.l_shipmode"],
              "Merge Cond": "(orders.o_orderkey = lineitem.l_orderkey)",
              "Shared Hit Blocks": 10376,
              "Shared Read Blocks": 119398,
              "Shared Dirtied Blocks": 0,
              "Shared Written Blocks": 0,
              "Local Hit Blocks": 0,
              "Local Read Blocks": 0,
              "Local Dirtied Blocks": 0,
              "Local Written Blocks": 0,
              "Temp Read Blocks": 0,
              "Temp Written Blocks": 0,
              "I/O Read Time": 0.000,
              "I/O Write Time": 0.000,
              "Plans": [
                {
                  "Node Type": "Index Scan",
                  "Parent Relationship": "Outer",
                  "Scan Direction": "Forward",
                  "Index Name": "orders_pkey",
                  "Relation Name": "orders",
                  "Schema": "public",
                  "Alias": "orders",
                  "Startup Cost": 0.43,
                  "Total Cost": 64159.43,
                  "Plan Rows": 1500000,
                  "Plan Width": 13,
                  "Actual Startup Time": 0.006,
                  "Actual Total Time": 679.254,
                  "Actual Rows": 1499957,
                  "Actual Loops": 1,
                  "Output": ["orders.o_orderkey", "orders.o_custkey", "orders.o_orderstatus", "orders.o_totalprice", "orders.o_orderdate", "orders.o_orderpriority", "orders.o_clerk", "orders.o_shippriority", "orders.o_comment"],
                  "Shared Hit Blocks": 1935,
                  "Shared Read Blocks": 29292,
                  "Shared Dirtied Blocks": 0,
                  "Shared Written Blocks": 0,
                  "Local Hit Blocks": 0,
                  "Local Read Blocks": 0,
                  "Local Dirtied Blocks": 0,
                  "Local Written Blocks": 0,
                  "Temp Read Blocks": 0,
                  "Temp Written Blocks": 0,
                  "I/O Read Time": 0.000,
                  "I/O Write Time": 0.000
                },
                {
                  "Node Type": "Sort",
                  "Parent Relationship": "Inner",
                  "Startup Cost": 235680.48,
                  "Total Cost": 235751.90,
                  "Plan Rows": 28567,
                  "Plan Width": 9,
                  "Actual Startup Time": 11573.822,
                  "Actual Total Time": 11579.649,
                  "Actual Rows": 30988,
                  "Actual Loops": 1,
                  "Output": ["lineitem.l_shipmode", "lineitem.l_orderkey"],
                  "Sort Key": ["lineitem.l_orderkey"],
                  "Sort Method": "quicksort",
                  "Sort Space Used": 2221,
                  "Sort Space Type": "Memory",
                  "Shared Hit Blocks": 8441,
                  "Shared Read Blocks": 90106,
                  "Shared Dirtied Blocks": 0,
                  "Shared Written Blocks": 0,
                  "Local Hit Blocks": 0,
                  "Local Read Blocks": 0,
                  "Local Dirtied Blocks": 0,
                  "Local Written Blocks": 0,
                  "Temp Read Blocks": 0,
                  "Temp Written Blocks": 0,
                  "I/O Read Time": 0.000,
                  "I/O Write Time": 0.000,
                  "Plans": [
                    {
                      "Node Type": "Seq Scan",
                      "Parent Relationship": "Outer",
                      "Relation Name": "lineitem",
                      "Schema": "public",
                      "Alias": "lineitem",
                      "Startup Cost": 0.00,
                      "Total Cost": 233566.23,
                      "Plan Rows": 28567,
                      "Plan Width": 9,
                      "Actual Startup Time": 1.474,
                      "Actual Total Time": 11553.417,
                      "Actual Rows": 30988,
                      "Actual Loops": 1,
                      "Output": ["lineitem.l_shipmode", "lineitem.l_orderkey"],
                      "Filter": "((lineitem.l_shipmode = ANY ('{MAIL,SHIP}'::text[])) AND (lineitem.l_commitdate < lineitem.l_receiptdate) AND (lineitem.l_shipdate < lineitem.l_commitdate) AND (lineitem.l_receiptdate >= '1994-01-01'::date) AND (lineitem.l_receiptdate < '1995-01-01 00:00:00'::timestamp without time zone))",
                      "Rows Removed by Filter": 5970227,
                      "Shared Hit Blocks": 8438,
                      "Shared Read Blocks": 90106,
                      "Shared Dirtied Blocks": 0,
                      "Shared Written Blocks": 0,
                      "Local Hit Blocks": 0,
                      "Local Read Blocks": 0,
                      "Local Dirtied Blocks": 0,
                      "Local Written Blocks": 0,
                      "Temp Read Blocks": 0,
                      "Temp Written Blocks": 0,
                      "I/O Read Time": 0.000,
                      "I/O Write Time": 0.000
                    }
                  ]
                }
              ]
            }
          ]
        }
      ]
    },
    "Triggers": [
    ],
    "Execution Time": 12557.072
  }
]
