- Plan: 
    Node Type: "Sort"
    Startup Cost: 298351.41
    Total Cost: 299143.33
    Plan Rows: 316767
    Plan Width: 24
    Actual Startup Time: 2982.333
    Actual Total Time: 2983.901
    Actual Rows: 11620
    Actual Loops: 1
    Output: 
      - "lineitem.l_orderkey"
      - "(sum((lineitem.l_extendedprice * (1::numeric - lineitem.l_discount))))"
      - "orders.o_orderdate"
      - "orders.o_shippriority"
    Sort Key: 
      - "(sum((lineitem.l_extendedprice * (1::numeric - lineitem.l_discount))))"
      - "orders.o_orderdate"
    Sort Method: "quicksort"
    Sort Space Used: 1292
    Sort Space Type: "Memory"
    Shared Hit Blocks: 88068
    Shared Read Blocks: 21854
    Shared Dirtied Blocks: 0
    Shared Written Blocks: 0
    Local Hit Blocks: 0
    Local Read Blocks: 0
    Local Dirtied Blocks: 0
    Local Written Blocks: 0
    Temp Read Blocks: 7701
    Temp Written Blocks: 7699
    I/O Read Time: 0.000
    I/O Write Time: 0.000
    Plans: 
      - Node Type: "Aggregate"
        Strategy: "Sorted"
        Parent Relationship: "Outer"
        Startup Cost: 253407.39
        Total Cost: 262910.40
        Plan Rows: 316767
        Plan Width: 24
        Actual Startup Time: 2937.583
        Actual Total Time: 2967.587
        Actual Rows: 11620
        Actual Loops: 1
        Output: 
          - "lineitem.l_orderkey"
          - "sum((lineitem.l_extendedprice * (1::numeric - lineitem.l_discount)))"
          - "orders.o_orderdate"
          - "orders.o_shippriority"
        Group Key: 
          - "lineitem.l_orderkey"
          - "orders.o_orderdate"
          - "orders.o_shippriority"
        Shared Hit Blocks: 88060
        Shared Read Blocks: 21854
        Shared Dirtied Blocks: 0
        Shared Written Blocks: 0
        Local Hit Blocks: 0
        Local Read Blocks: 0
        Local Dirtied Blocks: 0
        Local Written Blocks: 0
        Temp Read Blocks: 7701
        Temp Written Blocks: 7699
        I/O Read Time: 0.000
        I/O Write Time: 0.000
        Plans: 
          - Node Type: "Sort"
            Parent Relationship: "Outer"
            Startup Cost: 253407.39
            Total Cost: 254199.30
            Plan Rows: 316767
            Plan Width: 24
            Actual Startup Time: 2937.554
            Actual Total Time: 2942.177
            Actual Rows: 30519
            Actual Loops: 1
            Output: 
              - "lineitem.l_orderkey"
              - "orders.o_orderdate"
              - "orders.o_shippriority"
              - "lineitem.l_extendedprice"
              - "lineitem.l_discount"
            Sort Key: 
              - "lineitem.l_orderkey"
              - "orders.o_orderdate"
              - "orders.o_shippriority"
            Sort Method: "quicksort"
            Sort Space Used: 3153
            Sort Space Type: "Memory"
            Shared Hit Blocks: 88060
            Shared Read Blocks: 21854
            Shared Dirtied Blocks: 0
            Shared Written Blocks: 0
            Local Hit Blocks: 0
            Local Read Blocks: 0
            Local Dirtied Blocks: 0
            Local Written Blocks: 0
            Temp Read Blocks: 7701
            Temp Written Blocks: 7699
            I/O Read Time: 0.000
            I/O Write Time: 0.000
            Plans: 
              - Node Type: "Hash Join"
                Parent Relationship: "Outer"
                Join Type: "Inner"
                Startup Cost: 48310.15
                Total Cost: 217966.37
                Plan Rows: 316767
                Plan Width: 24
                Actual Startup Time: 459.309
                Actual Total Time: 2921.608
                Actual Rows: 30519
                Actual Loops: 1
                Output: 
                  - "lineitem.l_orderkey"
                  - "orders.o_orderdate"
                  - "orders.o_shippriority"
                  - "lineitem.l_extendedprice"
                  - "lineitem.l_discount"
                Hash Cond: "(lineitem.l_orderkey = orders.o_orderkey)"
                Shared Hit Blocks: 88057
                Shared Read Blocks: 21854
                Shared Dirtied Blocks: 0
                Shared Written Blocks: 0
                Local Hit Blocks: 0
                Local Read Blocks: 0
                Local Dirtied Blocks: 0
                Local Written Blocks: 0
                Temp Read Blocks: 7701
                Temp Written Blocks: 7699
                I/O Read Time: 0.000
                I/O Write Time: 0.000
                Plans: 
                  - Node Type: "Index Only Scan"
                    Parent Relationship: "Outer"
                    Scan Direction: "Forward"
                    Index Name: "q12_lineitem_idx"
                    Relation Name: "lineitem"
                    Schema: "public"
                    Alias: "lineitem"
                    Startup Cost: 0.56
                    Total Cost: 121713.48
                    Plan Rows: 3260167
                    Plan Width: 16
                    Actual Startup Time: 4.010
                    Actual Total Time: 991.062
                    Actual Rows: 3241776
                    Actual Loops: 1
                    Output: 
                      - "lineitem.l_orderkey"
                      - "lineitem.l_extendedprice"
                      - "lineitem.l_discount"
                    Index Cond: "(lineitem.l_shipdate > '1995-03-15'::date)"
                    Rows Removed by Index Recheck: 0
                    Heap Fetches: 0
                    Shared Hit Blocks: 2712
                    Shared Read Blocks: 15975
                    Shared Dirtied Blocks: 0
                    Shared Written Blocks: 0
                    Local Hit Blocks: 0
                    Local Read Blocks: 0
                    Local Dirtied Blocks: 0
                    Local Written Blocks: 0
                    Temp Read Blocks: 0
                    Temp Written Blocks: 0
                    I/O Read Time: 0.000
                    I/O Write Time: 0.000
                  - Node Type: "Hash"
                    Parent Relationship: "Inner"
                    Startup Cost: 45775.80
                    Total Cost: 45775.80
                    Plan Rows: 145744
                    Plan Width: 12
                    Actual Startup Time: 455.148
                    Actual Total Time: 455.148
                    Actual Rows: 147126
                    Actual Loops: 1
                    Output: 
                      - "orders.o_orderdate"
                      - "orders.o_shippriority"
                      - "orders.o_orderkey"
                    Hash Buckets: 16384
                    Hash Batches: 2
                    Original Hash Batches: 2
                    Peak Memory Usage: 3167
                    Shared Hit Blocks: 85345
                    Shared Read Blocks: 5879
                    Shared Dirtied Blocks: 0
                    Shared Written Blocks: 0
                    Local Hit Blocks: 0
                    Local Read Blocks: 0
                    Local Dirtied Blocks: 0
                    Local Written Blocks: 0
                    Temp Read Blocks: 0
                    Temp Written Blocks: 286
                    I/O Read Time: 0.000
                    I/O Write Time: 0.000
                    Plans: 
                      - Node Type: "Nested Loop"
                        Parent Relationship: "Outer"
                        Join Type: "Inner"
                        Startup Cost: 0.85
                        Total Cost: 45775.80
                        Plan Rows: 145744
                        Plan Width: 12
                        Actual Startup Time: 3.789
                        Actual Total Time: 408.440
                        Actual Rows: 147126
                        Actual Loops: 1
                        Output: 
                          - "orders.o_orderdate"
                          - "orders.o_shippriority"
                          - "orders.o_orderkey"
                        Shared Hit Blocks: 85345
                        Shared Read Blocks: 5879
                        Shared Dirtied Blocks: 0
                        Shared Written Blocks: 0
                        Local Hit Blocks: 0
                        Local Read Blocks: 0
                        Local Dirtied Blocks: 0
                        Local Written Blocks: 0
                        Temp Read Blocks: 0
                        Temp Written Blocks: 0
                        I/O Read Time: 0.000
                        I/O Write Time: 0.000
                        Plans: 
                          - Node Type: "Index Only Scan"
                            Parent Relationship: "Outer"
                            Scan Direction: "Forward"
                            Index Name: "q12_customer_idx"
                            Relation Name: "customer"
                            Schema: "public"
                            Alias: "customer"
                            Startup Cost: 0.42
                            Total Cost: 995.00
                            Plan Rows: 30090
                            Plan Width: 4
                            Actual Startup Time: 2.114
                            Actual Total Time: 11.595
                            Actual Rows: 30142
                            Actual Loops: 1
                            Output: 
                              - "customer.c_mktsegment"
                              - "customer.c_custkey"
                            Index Cond: "(customer.c_mktsegment = 'BUILDING'::text)"
                            Rows Removed by Index Recheck: 0
                            Heap Fetches: 0
                            Shared Hit Blocks: 0
                            Shared Read Blocks: 120
                            Shared Dirtied Blocks: 0
                            Shared Written Blocks: 0
                            Local Hit Blocks: 0
                            Local Read Blocks: 0
                            Local Dirtied Blocks: 0
                            Local Written Blocks: 0
                            Temp Read Blocks: 0
                            Temp Written Blocks: 0
                            I/O Read Time: 0.000
                            I/O Write Time: 0.000
                          - Node Type: "Index Only Scan"
                            Parent Relationship: "Inner"
                            Scan Direction: "Forward"
                            Index Name: "q12_orders_idx"
                            Relation Name: "orders"
                            Schema: "public"
                            Alias: "orders"
                            Startup Cost: 0.43
                            Total Cost: 1.40
                            Plan Rows: 9
                            Plan Width: 16
                            Actual Startup Time: 0.010
                            Actual Total Time: 0.011
                            Actual Rows: 5
                            Actual Loops: 30142
                            Output: 
                              - "orders.o_custkey"
                              - "orders.o_orderdate"
                              - "orders.o_orderkey"
                              - "orders.o_shippriority"
                            Index Cond: "((orders.o_custkey = customer.c_custkey) AND (orders.o_orderdate < '1995-03-15'::date))"
                            Rows Removed by Index Recheck: 0
                            Heap Fetches: 0
                            Shared Hit Blocks: 85345
                            Shared Read Blocks: 5759
                            Shared Dirtied Blocks: 0
                            Shared Written Blocks: 0
                            Local Hit Blocks: 0
                            Local Read Blocks: 0
                            Local Dirtied Blocks: 0
                            Local Written Blocks: 0
                            Temp Read Blocks: 0
                            Temp Written Blocks: 0
                            I/O Read Time: 0.000
                            I/O Write Time: 0.000
  Triggers: 
  Execution Time: 2985.627
