[
  {
    "Plan": {
      "Node Type": "Sort",
      "Startup Cost": 277064.48,
      "Total Cost": 277207.46,
      "Plan Rows": 57193,
      "Plan Width": 188,
      "Actual Startup Time": 17862.451,
      "Actual Total Time": 17876.382,
      "Actual Rows": 37967,
      "Actual Loops": 1,
      "Output": ["customer.c_custkey", "customer.c_name", "(sum((lineitem.l_extendedprice * (1::numeric - lineitem.l_discount))))", "customer.c_acctbal", "nation.n_name", "customer.c_address", "customer.c_phone", "customer.c_comment"],
      "Sort Key": ["(sum((lineitem.l_extendedprice * (1::numeric - lineitem.l_discount))))"],
      "Sort Method": "external merge",
      "Sort Space Used": 6392,
      "Sort Space Type": "Disk",
      "Shared Hit Blocks": 19,
      "Shared Read Blocks": 127301,
      "Shared Dirtied Blocks": 0,
      "Shared Written Blocks": 0,
      "Local Hit Blocks": 0,
      "Local Read Blocks": 0,
      "Local Dirtied Blocks": 0,
      "Local Written Blocks": 0,
      "Temp Read Blocks": 6496,
      "Temp Written Blocks": 6482,
      "I/O Read Time": 0.000,
      "I/O Write Time": 0.000,
      "Plans": [
        {
          "Node Type": "Aggregate",
          "Strategy": "Sorted",
          "Parent Relationship": "Outer",
          "Startup Cost": 264976.00,
          "Total Cost": 267263.72,
          "Plan Rows": 57193,
          "Plan Width": 188,
          "Actual Startup Time": 17438.015,
          "Actual Total Time": 17749.234,
          "Actual Rows": 37967,
          "Actual Loops": 1,
          "Output": ["customer.c_custkey", "customer.c_name", "sum((lineitem.l_extendedprice * (1::numeric - lineitem.l_discount)))", "customer.c_acctbal", "nation.n_name", "customer.c_address", "customer.c_phone", "customer.c_comment"],
          "Group Key": ["customer.c_custkey", "customer.c_name", "customer.c_acctbal", "customer.c_phone", "nation.n_name", "customer.c_address", "customer.c_comment"],
          "Shared Hit Blocks": 14,
          "Shared Read Blocks": 127301,
          "Shared Dirtied Blocks": 0,
          "Shared Written Blocks": 0,
          "Local Hit Blocks": 0,
          "Local Read Blocks": 0,
          "Local Dirtied Blocks": 0,
          "Local Written Blocks": 0,
          "Temp Read Blocks": 5695,
          "Temp Written Blocks": 5681,
          "I/O Read Time": 0.000,
          "I/O Write Time": 0.000,
          "Plans": [
            {
              "Node Type": "Sort",
              "Parent Relationship": "Outer",
              "Startup Cost": 264976.00,
              "Total Cost": 265118.98,
              "Plan Rows": 57193,
              "Plan Width": 188,
              "Actual Startup Time": 17437.123,
              "Actual Total Time": 17605.128,
              "Actual Rows": 114705,
              "Actual Loops": 1,
              "Output": ["customer.c_custkey", "customer.c_name", "customer.c_acctbal", "nation.n_name", "customer.c_address", "customer.c_phone", "customer.c_comment", "lineitem.l_extendedprice", "lineitem.l_discount"],
              "Sort Key": ["customer.c_custkey", "customer.c_name", "customer.c_acctbal", "customer.c_phone", "nation.n_name", "customer.c_address", "customer.c_comment"],
              "Sort Method": "external merge",
              "Sort Space Used": 19816,
              "Sort Space Type": "Disk",
              "Shared Hit Blocks": 14,
              "Shared Read Blocks": 127301,
              "Shared Dirtied Blocks": 0,
              "Shared Written Blocks": 0,
              "Local Hit Blocks": 0,
              "Local Read Blocks": 0,
              "Local Dirtied Blocks": 0,
              "Local Written Blocks": 0,
              "Temp Read Blocks": 5695,
              "Temp Written Blocks": 5681,
              "I/O Read Time": 0.000,
              "I/O Write Time": 0.000,
              "Plans": [
                {
                  "Node Type": "Hash Join",
                  "Parent Relationship": "Outer",
                  "Join Type": "Inner",
                  "Startup Cost": 58606.39,
                  "Total Cost": 255175.24,
                  "Plan Rows": 57193,
                  "Plan Width": 188,
                  "Actual Startup Time": 2769.692,
                  "Actual Total Time": 15820.761,
                  "Actual Rows": 114705,
                  "Actual Loops": 1,
                  "Output": ["customer.c_custkey", "customer.c_name", "customer.c_acctbal", "nation.n_name", "customer.c_address", "customer.c_phone", "customer.c_comment", "lineitem.l_extendedprice", "lineitem.l_discount"],
                  "Hash Cond": "(customer.c_nationkey = nation.n_nationkey)",
                  "Shared Hit Blocks": 6,
                  "Shared Read Blocks": 127301,
                  "Shared Dirtied Blocks": 0,
                  "Shared Written Blocks": 0,
                  "Local Hit Blocks": 0,
                  "Local Read Blocks": 0,
                  "Local Dirtied Blocks": 0,
                  "Local Written Blocks": 0,
                  "Temp Read Blocks": 3213,
                  "Temp Written Blocks": 3199,
                  "I/O Read Time": 0.000,
                  "I/O Write Time": 0.000,
                  "Plans": [
                    {
                      "Node Type": "Hash Join",
                      "Parent Relationship": "Outer",
                      "Join Type": "Inner",
                      "Startup Cost": 58578.39,
                      "Total Cost": 254360.83,
                      "Plan Rows": 57193,
                      "Plan Width": 160,
                      "Actual Startup Time": 2769.161,
                      "Actual Total Time": 15766.922,
                      "Actual Rows": 114705,
                      "Actual Loops": 1,
                      "Output": ["customer.c_custkey", "customer.c_name", "customer.c_acctbal", "customer.c_address", "customer.c_phone", "customer.c_comment", "customer.c_nationkey", "lineitem.l_extendedprice", "lineitem.l_discount"],
                      "Hash Cond": "(orders.o_custkey = customer.c_custkey)",
                      "Shared Hit Blocks": 6,
                      "Shared Read Blocks": 127300,
                      "Shared Dirtied Blocks": 0,
                      "Shared Written Blocks": 0,
                      "Local Hit Blocks": 0,
                      "Local Read Blocks": 0,
                      "Local Dirtied Blocks": 0,
                      "Local Written Blocks": 0,
                      "Temp Read Blocks": 3213,
                      "Temp Written Blocks": 3199,
                      "I/O Read Time": 0.000,
                      "I/O Write Time": 0.000,
                      "Plans": [
                        {
                          "Node Type": "Hash Join",
                          "Parent Relationship": "Outer",
                          "Join Type": "Inner",
                          "Startup Cost": 48414.39,
                          "Total Cost": 239341.46,
                          "Plan Rows": 57193,
                          "Plan Width": 16,
                          "Actual Startup Time": 2504.137,
                          "Actual Total Time": 15334.875,
                          "Actual Rows": 114705,
                          "Actual Loops": 1,
                          "Output": ["orders.o_custkey", "lineitem.l_extendedprice", "lineitem.l_discount"],
                          "Hash Cond": "(lineitem.l_orderkey = orders.o_orderkey)",
                          "Shared Hit Blocks": 4,
                          "Shared Read Blocks": 123736,
                          "Shared Dirtied Blocks": 0,
                          "Shared Written Blocks": 0,
                          "Local Hit Blocks": 0,
                          "Local Read Blocks": 0,
                          "Local Dirtied Blocks": 0,
                          "Local Written Blocks": 0,
                          "Temp Read Blocks": 0,
                          "Temp Written Blocks": 0,
                          "I/O Read Time": 0.000,
                          "I/O Write Time": 0.000,
                          "Plans": [
                            {
                              "Node Type": "Seq Scan",
                              "Parent Relationship": "Outer",
                              "Relation Name": "lineitem",
                              "Schema": "public",
                              "Alias": "lineitem",
                              "Startup Cost": 0.00,
                              "Total Cost": 173561.69,
                              "Plan Rows": 1492752,
                              "Plan Width": 16,
                              "Actual Startup Time": 0.010,
                              "Actual Total Time": 12089.612,
                              "Actual Rows": 1478870,
                              "Actual Loops": 1,
                              "Output": ["lineitem.l_orderkey", "lineitem.l_partkey", "lineitem.l_suppkey", "lineitem.l_linenumber", "lineitem.l_quantity", "lineitem.l_extendedprice", "lineitem.l_discount", "lineitem.l_tax", "lineitem.l_returnflag", "lineitem.l_linestatus", "lineitem.l_shipdate", "lineitem.l_commitdate", "lineitem.l_receiptdate", "lineitem.l_shipinstruct", "lineitem.l_shipmode", "lineitem.l_comment"],
                              "Filter": "(lineitem.l_returnflag = 'R'::text)",
                              "Rows Removed by Filter": 4522345,
                              "Shared Hit Blocks": 2,
                              "Shared Read Blocks": 98542,
                              "Shared Dirtied Blocks": 0,
                              "Shared Written Blocks": 0,
                              "Local Hit Blocks": 0,
                              "Local Read Blocks": 0,
                              "Local Dirtied Blocks": 0,
                              "Local Written Blocks": 0,
                              "Temp Read Blocks": 0,
                              "Temp Written Blocks": 0,
                              "I/O Read Time": 0.000,
                              "I/O Write Time": 0.000
                            },
                            {
                              "Node Type": "Hash",
                              "Parent Relationship": "Inner",
                              "Startup Cost": 47696.00,
                              "Total Cost": 47696.00,
                              "Plan Rows": 57471,
                              "Plan Width": 8,
                              "Actual Startup Time": 2504.078,
                              "Actual Total Time": 2504.078,
                              "Actual Rows": 57069,
                              "Actual Loops": 1,
                              "Output": ["orders.o_custkey", "orders.o_orderkey"],
                              "Hash Buckets": 8192,
                              "Hash Batches": 1,
                              "Original Hash Batches": 1,
                              "Peak Memory Usage": 2230,
                              "Shared Hit Blocks": 2,
                              "Shared Read Blocks": 25194,
                              "Shared Dirtied Blocks": 0,
                              "Shared Written Blocks": 0,
                              "Local Hit Blocks": 0,
                              "Local Read Blocks": 0,
                              "Local Dirtied Blocks": 0,
                              "Local Written Blocks": 0,
                              "Temp Read Blocks": 0,
                              "Temp Written Blocks": 0,
                              "I/O Read Time": 0.000,
                              "I/O Write Time": 0.000,
                              "Plans": [
                                {
                                  "Node Type": "Seq Scan",
                                  "Parent Relationship": "Outer",
                                  "Relation Name": "orders",
                                  "Schema": "public",
                                  "Alias": "orders",
                                  "Startup Cost": 0.00,
                                  "Total Cost": 47696.00,
                                  "Plan Rows": 57471,
                                  "Plan Width": 8,
                                  "Actual Startup Time": 0.007,
                                  "Actual Total Time": 2481.771,
                                  "Actual Rows": 57069,
                                  "Actual Loops": 1,
                                  "Output": ["orders.o_custkey", "orders.o_orderkey"],
                                  "Filter": "((orders.o_orderdate >= '1993-10-01'::date) AND (orders.o_orderdate < '1994-01-01 00:00:00'::timestamp without time zone))",
                                  "Rows Removed by Filter": 1442931,
                                  "Shared Hit Blocks": 2,
                                  "Shared Read Blocks": 25194,
                                  "Shared Dirtied Blocks": 0,
                                  "Shared Written Blocks": 0,
                                  "Local Hit Blocks": 0,
                                  "Local Read Blocks": 0,
                                  "Local Dirtied Blocks": 0,
                                  "Local Written Blocks": 0,
                                  "Temp Read Blocks": 0,
                                  "Temp Written Blocks": 0,
                                  "I/O Read Time": 0.000,
                                  "I/O Write Time": 0.000
                                }
                              ]
                            }
                          ]
                        },
                        {
                          "Node Type": "Hash",
                          "Parent Relationship": "Inner",
                          "Startup Cost": 5066.00,
                          "Total Cost": 5066.00,
                          "Plan Rows": 150000,
                          "Plan Width": 148,
                          "Actual Startup Time": 263.441,
                          "Actual Total Time": 263.441,
                          "Actual Rows": 150000,
                          "Actual Loops": 1,
                          "Output": ["customer.c_custkey", "customer.c_name", "customer.c_acctbal", "customer.c_address", "customer.c_phone", "customer.c_comment", "customer.c_nationkey"],
                          "Hash Buckets": 4096,
                          "Hash Batches": 8,
                          "Original Hash Batches": 8,
                          "Peak Memory Usage": 3398,
                          "Shared Hit Blocks": 2,
                          "Shared Read Blocks": 3564,
                          "Shared Dirtied Blocks": 0,
                          "Shared Written Blocks": 0,
                          "Local Hit Blocks": 0,
                          "Local Read Blocks": 0,
                          "Local Dirtied Blocks": 0,
                          "Local Written Blocks": 0,
                          "Temp Read Blocks": 0,
                          "Temp Written Blocks": 2733,
                          "I/O Read Time": 0.000,
                          "I/O Write Time": 0.000,
                          "Plans": [
                            {
                              "Node Type": "Seq Scan",
                              "Parent Relationship": "Outer",
                              "Relation Name": "customer",
                              "Schema": "public",
                              "Alias": "customer",
                              "Startup Cost": 0.00,
                              "Total Cost": 5066.00,
                              "Plan Rows": 150000,
                              "Plan Width": 148,
                              "Actual Startup Time": 0.002,
                              "Actual Total Time": 186.745,
                              "Actual Rows": 150000,
                              "Actual Loops": 1,
                              "Output": ["customer.c_custkey", "customer.c_name", "customer.c_acctbal", "customer.c_address", "customer.c_phone", "customer.c_comment", "customer.c_nationkey"],
                              "Shared Hit Blocks": 2,
                              "Shared Read Blocks": 3564,
                              "Shared Dirtied Blocks": 0,
                              "Shared Written Blocks": 0,
                              "Local Hit Blocks": 0,
                              "Local Read Blocks": 0,
                              "Local Dirtied Blocks": 0,
                              "Local Written Blocks": 0,
                              "Temp Read Blocks": 0,
                              "Temp Written Blocks": 0,
                              "I/O Read Time": 0.000,
                              "I/O Write Time": 0.000
                            }
                          ]
                        }
                      ]
                    },
                    {
                      "Node Type": "Hash",
                      "Parent Relationship": "Inner",
                      "Startup Cost": 18.00,
                      "Total Cost": 18.00,
                      "Plan Rows": 800,
                      "Plan Width": 36,
                      "Actual Startup Time": 0.519,
                      "Actual Total Time": 0.519,
                      "Actual Rows": 25,
                      "Actual Loops": 1,
                      "Output": ["nation.n_name", "nation.n_nationkey"],
                      "Hash Buckets": 1024,
                      "Hash Batches": 1,
                      "Original Hash Batches": 1,
                      "Peak Memory Usage": 2,
                      "Shared Hit Blocks": 0,
                      "Shared Read Blocks": 1,
                      "Shared Dirtied Blocks": 0,
                      "Shared Written Blocks": 0,
                      "Local Hit Blocks": 0,
                      "Local Read Blocks": 0,
                      "Local Dirtied Blocks": 0,
                      "Local Written Blocks": 0,
                      "Temp Read Blocks": 0,
                      "Temp Written Blocks": 0,
                      "I/O Read Time": 0.000,
                      "I/O Write Time": 0.000,
                      "Plans": [
                        {
                          "Node Type": "Seq Scan",
                          "Parent Relationship": "Outer",
                          "Relation Name": "nation",
                          "Schema": "public",
                          "Alias": "nation",
                          "Startup Cost": 0.00,
                          "Total Cost": 18.00,
                          "Plan Rows": 800,
                          "Plan Width": 36,
                          "Actual Startup Time": 0.504,
                          "Actual Total Time": 0.510,
                          "Actual Rows": 25,
                          "Actual Loops": 1,
                          "Output": ["nation.n_name", "nation.n_nationkey"],
                          "Shared Hit Blocks": 0,
                          "Shared Read Blocks": 1,
                          "Shared Dirtied Blocks": 0,
                          "Shared Written Blocks": 0,
                          "Local Hit Blocks": 0,
                          "Local Read Blocks": 0,
                          "Local Dirtied Blocks": 0,
                          "Local Written Blocks": 0,
                          "Temp Read Blocks": 0,
                          "Temp Written Blocks": 0,
                          "I/O Read Time": 0.000,
                          "I/O Write Time": 0.000
                        }
                      ]
                    }
                  ]
                }
              ]
            }
          ]
        }
      ]
    },
    "Triggers": [
    ],
    "Execution Time": 17886.335
  }
]
