- Plan: 
    Node Type: "Sort"
    Startup Cost: 263044.03
    Total Cost: 263179.36
    Plan Rows: 54132
    Plan Width: 164
    Actual Startup Time: 3226.933
    Actual Total Time: 3236.960
    Actual Rows: 37967
    Actual Loops: 1
    Output: 
      - "customer.c_custkey"
      - "customer.c_name"
      - "(sum((lineitem.l_extendedprice * ('1'::numeric - lineitem.l_discount))))"
      - "customer.c_acctbal"
      - "nation.n_name"
      - "customer.c_address"
      - "customer.c_phone"
      - "customer.c_comment"
    Sort Key: 
      - "(sum((lineitem.l_extendedprice * ('1'::numeric - lineitem.l_discount)))) DESC"
    Sort Method: "external merge"
    Sort Space Used: 6392
    Sort Space Type: "Disk"
    Shared Hit Blocks: 18
    Shared Read Blocks: 127298
    Shared Dirtied Blocks: 0
    Shared Written Blocks: 0
    Local Hit Blocks: 0
    Local Read Blocks: 0
    Local Dirtied Blocks: 0
    Local Written Blocks: 0
    Temp Read Blocks: 6494
    Temp Written Blocks: 6480
    I/O Read Time: 0.000
    I/O Write Time: 0.000
    Plans: 
      - Node Type: "Aggregate"
        Strategy: "Sorted"
        Parent Relationship: "Outer"
        Startup Cost: 252181.34
        Total Cost: 254346.62
        Plan Rows: 54132
        Plan Width: 164
        Actual Startup Time: 3068.066
        Actual Total Time: 3193.377
        Actual Rows: 37967
        Actual Loops: 1
        Output: 
          - "customer.c_custkey"
          - "customer.c_name"
          - "sum((lineitem.l_extendedprice * ('1'::numeric - lineitem.l_discount)))"
          - "customer.c_acctbal"
          - "nation.n_name"
          - "customer.c_address"
          - "customer.c_phone"
          - "customer.c_comment"
        Group Key: 
          - "customer.c_custkey"
          - "customer.c_name"
          - "customer.c_acctbal"
          - "customer.c_phone"
          - "nation.n_name"
          - "customer.c_address"
          - "customer.c_comment"
        Shared Hit Blocks: 15
        Shared Read Blocks: 127298
        Shared Dirtied Blocks: 0
        Shared Written Blocks: 0
        Local Hit Blocks: 0
        Local Read Blocks: 0
        Local Dirtied Blocks: 0
        Local Written Blocks: 0
        Temp Read Blocks: 5693
        Temp Written Blocks: 5679
        I/O Read Time: 0.000
        I/O Write Time: 0.000
        Plans: 
          - Node Type: "Sort"
            Parent Relationship: "Outer"
            Startup Cost: 252181.34
            Total Cost: 252316.67
            Plan Rows: 54132
            Plan Width: 164
            Actual Startup Time: 3068.043
            Actual Total Time: 3103.327
            Actual Rows: 114705
            Actual Loops: 1
            Output: 
              - "customer.c_custkey"
              - "customer.c_name"
              - "customer.c_acctbal"
              - "nation.n_name"
              - "customer.c_address"
              - "customer.c_phone"
              - "customer.c_comment"
              - "lineitem.l_extendedprice"
              - "lineitem.l_discount"
            Sort Key: 
              - "customer.c_custkey"
              - "customer.c_name"
              - "customer.c_acctbal"
              - "customer.c_phone"
              - "nation.n_name"
              - "customer.c_address"
              - "customer.c_comment"
            Sort Method: "external merge"
            Sort Space Used: 19808
            Sort Space Type: "Disk"
            Shared Hit Blocks: 15
            Shared Read Blocks: 127298
            Shared Dirtied Blocks: 0
            Shared Written Blocks: 0
            Local Hit Blocks: 0
            Local Read Blocks: 0
            Local Dirtied Blocks: 0
            Local Written Blocks: 0
            Temp Read Blocks: 5693
            Temp Written Blocks: 5679
            I/O Read Time: 0.000
            I/O Write Time: 0.000
            Plans: 
              - Node Type: "Hash Join"
                Parent Relationship: "Outer"
                Join Type: "Inner"
                Startup Cost: 58541.16
                Total Cost: 243483.93
                Plan Rows: 54132
                Plan Width: 164
                Actual Startup Time: 620.826
                Actual Total Time: 2917.600
                Actual Rows: 114705
                Actual Loops: 1
                Output: 
                  - "customer.c_custkey"
                  - "customer.c_name"
                  - "customer.c_acctbal"
                  - "nation.n_name"
                  - "customer.c_address"
                  - "customer.c_phone"
                  - "customer.c_comment"
                  - "lineitem.l_extendedprice"
                  - "lineitem.l_discount"
                Hash Cond: "(customer.c_nationkey = nation.n_nationkey)"
                Shared Hit Blocks: 9
                Shared Read Blocks: 127298
                Shared Dirtied Blocks: 0
                Shared Written Blocks: 0
                Local Hit Blocks: 0
                Local Read Blocks: 0
                Local Dirtied Blocks: 0
                Local Written Blocks: 0
                Temp Read Blocks: 3212
                Temp Written Blocks: 3198
                I/O Read Time: 0.000
                I/O Write Time: 0.000
                Plans: 
                  - Node Type: "Hash Join"
                    Parent Relationship: "Outer"
                    Join Type: "Inner"
                    Startup Cost: 58539.60
                    Total Cost: 242738.06
                    Plan Rows: 54132
                    Plan Width: 160
                    Actual Startup Time: 620.800
                    Actual Total Time: 2890.478
                    Actual Rows: 114705
                    Actual Loops: 1
                    Output: 
                      - "customer.c_custkey"
                      - "customer.c_name"
                      - "customer.c_acctbal"
                      - "customer.c_address"
                      - "customer.c_phone"
                      - "customer.c_comment"
                      - "customer.c_nationkey"
                      - "lineitem.l_extendedprice"
                      - "lineitem.l_discount"
                    Hash Cond: "(orders.o_custkey = customer.c_custkey)"
                    Shared Hit Blocks: 8
                    Shared Read Blocks: 127298
                    Shared Dirtied Blocks: 0
                    Shared Written Blocks: 0
                    Local Hit Blocks: 0
                    Local Read Blocks: 0
                    Local Dirtied Blocks: 0
                    Local Written Blocks: 0
                    Temp Read Blocks: 3212
                    Temp Written Blocks: 3198
                    I/O Read Time: 0.000
                    I/O Write Time: 0.000
                    Plans: 
                      - Node Type: "Hash Join"
                        Parent Relationship: "Outer"
                        Join Type: "Inner"
                        Startup Cost: 48375.60
                        Total Cost: 228076.74
                        Plan Rows: 54132
                        Plan Width: 16
                        Actual Startup Time: 485.989
                        Actual Total Time: 2659.733
                        Actual Rows: 114705
                        Actual Loops: 1
                        Output: 
                          - "orders.o_custkey"
                          - "lineitem.l_extendedprice"
                          - "lineitem.l_discount"
                        Hash Cond: "(lineitem.l_orderkey = orders.o_orderkey)"
                        Shared Hit Blocks: 6
                        Shared Read Blocks: 123734
                        Shared Dirtied Blocks: 0
                        Shared Written Blocks: 0
                        Local Hit Blocks: 0
                        Local Read Blocks: 0
                        Local Dirtied Blocks: 0
                        Local Written Blocks: 0
                        Temp Read Blocks: 0
                        Temp Written Blocks: 0
                        I/O Read Time: 0.000
                        I/O Write Time: 0.000
                        Plans: 
                          - Node Type: "Seq Scan"
                            Parent Relationship: "Outer"
                            Relation Name: "lineitem"
                            Schema: "public"
                            Alias: "lineitem"
                            Startup Cost: 0.00
                            Total Cost: 173559.19
                            Plan Rows: 1493502
                            Plan Width: 16
                            Actual Startup Time: 0.017
                            Actual Total Time: 1886.901
                            Actual Rows: 1478870
                            Actual Loops: 1
                            Output: 
                              - "lineitem.l_orderkey"
                              - "lineitem.l_partkey"
                              - "lineitem.l_suppkey"
                              - "lineitem.l_linenumber"
                              - "lineitem.l_quantity"
                              - "lineitem.l_extendedprice"
                              - "lineitem.l_discount"
                              - "lineitem.l_tax"
                              - "lineitem.l_returnflag"
                              - "lineitem.l_linestatus"
                              - "lineitem.l_shipdate"
                              - "lineitem.l_commitdate"
                              - "lineitem.l_receiptdate"
                              - "lineitem.l_shipinstruct"
                              - "lineitem.l_shipmode"
                              - "lineitem.l_comment"
                            Filter: "(lineitem.l_returnflag = 'R'::text)"
                            Rows Removed by Filter: 4522345
                            Shared Hit Blocks: 2
                            Shared Read Blocks: 98542
                            Shared Dirtied Blocks: 0
                            Shared Written Blocks: 0
                            Local Hit Blocks: 0
                            Local Read Blocks: 0
                            Local Dirtied Blocks: 0
                            Local Written Blocks: 0
                            Temp Read Blocks: 0
                            Temp Written Blocks: 0
                            I/O Read Time: 0.000
                            I/O Write Time: 0.000
                          - Node Type: "Hash"
                            Parent Relationship: "Inner"
                            Startup Cost: 47696.00
                            Total Cost: 47696.00
                            Plan Rows: 54368
                            Plan Width: 8
                            Actual Startup Time: 485.771
                            Actual Total Time: 485.771
                            Actual Rows: 57069
                            Actual Loops: 1
                            Output: 
                              - "orders.o_custkey"
                              - "orders.o_orderkey"
                            Hash Buckets: 65536
                            Original Hash Buckets: 65536
                            Hash Batches: 1
                            Original Hash Batches: 1
                            Peak Memory Usage: 2742
                            Shared Hit Blocks: 4
                            Shared Read Blocks: 25192
                            Shared Dirtied Blocks: 0
                            Shared Written Blocks: 0
                            Local Hit Blocks: 0
                            Local Read Blocks: 0
                            Local Dirtied Blocks: 0
                            Local Written Blocks: 0
                            Temp Read Blocks: 0
                            Temp Written Blocks: 0
                            I/O Read Time: 0.000
                            I/O Write Time: 0.000
                            Plans: 
                              - Node Type: "Seq Scan"
                                Parent Relationship: "Outer"
                                Relation Name: "orders"
                                Schema: "public"
                                Alias: "orders"
                                Startup Cost: 0.00
                                Total Cost: 47696.00
                                Plan Rows: 54368
                                Plan Width: 8
                                Actual Startup Time: 0.006
                                Actual Total Time: 469.427
                                Actual Rows: 57069
                                Actual Loops: 1
                                Output: 
                                  - "orders.o_custkey"
                                  - "orders.o_orderkey"
                                Filter: "((orders.o_orderdate >= '1993-10-01'::date) AND (orders.o_orderdate < '1994-01-01 00:00:00'::timestamp without time zone))"
                                Rows Removed by Filter: 1442931
                                Shared Hit Blocks: 4
                                Shared Read Blocks: 25192
                                Shared Dirtied Blocks: 0
                                Shared Written Blocks: 0
                                Local Hit Blocks: 0
                                Local Read Blocks: 0
                                Local Dirtied Blocks: 0
                                Local Written Blocks: 0
                                Temp Read Blocks: 0
                                Temp Written Blocks: 0
                                I/O Read Time: 0.000
                                I/O Write Time: 0.000
                      - Node Type: "Hash"
                        Parent Relationship: "Inner"
                        Startup Cost: 5066.00
                        Total Cost: 5066.00
                        Plan Rows: 150000
                        Plan Width: 148
                        Actual Startup Time: 134.221
                        Actual Total Time: 134.221
                        Actual Rows: 150000
                        Actual Loops: 1
                        Output: 
                          - "customer.c_custkey"
                          - "customer.c_name"
                          - "customer.c_acctbal"
                          - "customer.c_address"
                          - "customer.c_phone"
                          - "customer.c_comment"
                          - "customer.c_nationkey"
                        Hash Buckets: 32768
                        Original Hash Buckets: 32768
                        Hash Batches: 8
                        Original Hash Batches: 8
                        Peak Memory Usage: 3676
                        Shared Hit Blocks: 2
                        Shared Read Blocks: 3564
                        Shared Dirtied Blocks: 0
                        Shared Written Blocks: 0
                        Local Hit Blocks: 0
                        Local Read Blocks: 0
                        Local Dirtied Blocks: 0
                        Local Written Blocks: 0
                        Temp Read Blocks: 0
                        Temp Written Blocks: 2730
                        I/O Read Time: 0.000
                        I/O Write Time: 0.000
                        Plans: 
                          - Node Type: "Seq Scan"
                            Parent Relationship: "Outer"
                            Relation Name: "customer"
                            Schema: "public"
                            Alias: "customer"
                            Startup Cost: 0.00
                            Total Cost: 5066.00
                            Plan Rows: 150000
                            Plan Width: 148
                            Actual Startup Time: 0.002
                            Actual Total Time: 66.517
                            Actual Rows: 150000
                            Actual Loops: 1
                            Output: 
                              - "customer.c_custkey"
                              - "customer.c_name"
                              - "customer.c_acctbal"
                              - "customer.c_address"
                              - "customer.c_phone"
                              - "customer.c_comment"
                              - "customer.c_nationkey"
                            Shared Hit Blocks: 2
                            Shared Read Blocks: 3564
                            Shared Dirtied Blocks: 0
                            Shared Written Blocks: 0
                            Local Hit Blocks: 0
                            Local Read Blocks: 0
                            Local Dirtied Blocks: 0
                            Local Written Blocks: 0
                            Temp Read Blocks: 0
                            Temp Written Blocks: 0
                            I/O Read Time: 0.000
                            I/O Write Time: 0.000
                  - Node Type: "Hash"
                    Parent Relationship: "Inner"
                    Startup Cost: 1.25
                    Total Cost: 1.25
                    Plan Rows: 25
                    Plan Width: 12
                    Actual Startup Time: 0.015
                    Actual Total Time: 0.015
                    Actual Rows: 25
                    Actual Loops: 1
                    Output: 
                      - "nation.n_name"
                      - "nation.n_nationkey"
                    Hash Buckets: 1024
                    Original Hash Buckets: 1024
                    Hash Batches: 1
                    Original Hash Batches: 1
                    Peak Memory Usage: 10
                    Shared Hit Blocks: 1
                    Shared Read Blocks: 0
                    Shared Dirtied Blocks: 0
                    Shared Written Blocks: 0
                    Local Hit Blocks: 0
                    Local Read Blocks: 0
                    Local Dirtied Blocks: 0
                    Local Written Blocks: 0
                    Temp Read Blocks: 0
                    Temp Written Blocks: 0
                    I/O Read Time: 0.000
                    I/O Write Time: 0.000
                    Plans: 
                      - Node Type: "Seq Scan"
                        Parent Relationship: "Outer"
                        Relation Name: "nation"
                        Schema: "public"
                        Alias: "nation"
                        Startup Cost: 0.00
                        Total Cost: 1.25
                        Plan Rows: 25
                        Plan Width: 12
                        Actual Startup Time: 0.002
                        Actual Total Time: 0.010
                        Actual Rows: 25
                        Actual Loops: 1
                        Output: 
                          - "nation.n_name"
                          - "nation.n_nationkey"
                        Shared Hit Blocks: 1
                        Shared Read Blocks: 0
                        Shared Dirtied Blocks: 0
                        Shared Written Blocks: 0
                        Local Hit Blocks: 0
                        Local Read Blocks: 0
                        Local Dirtied Blocks: 0
                        Local Written Blocks: 0
                        Temp Read Blocks: 0
                        Temp Written Blocks: 0
                        I/O Read Time: 0.000
                        I/O Write Time: 0.000
  Triggers: 
  Execution Time: 3243.004
