- Plan: 
    Node Type: "Sort"
    Startup Cost: 304613.93
    Total Cost: 304613.93
    Plan Rows: 1
    Plan Width: 14
    Actual Startup Time: 2967.077
    Actual Total Time: 2967.077
    Actual Rows: 2
    Actual Loops: 1
    Output: 
      - "lineitem.l_shipmode"
      - "(sum(CASE WHEN ((orders.o_orderpriority = '1-URGENT'::text) OR (orders.o_orderpriority = '2-HIGH'::text)) THEN 1 ELSE 0 END))"
      - "(sum(CASE WHEN ((orders.o_orderpriority <> '1-URGENT'::text) AND (orders.o_orderpriority <> '2-HIGH'::text)) THEN 1 ELSE 0 END))"
    Sort Key: 
      - "lineitem.l_shipmode"
    Sort Method: "quicksort"
    Sort Space Used: 25
    Sort Space Type: "Memory"
    Shared Hit Blocks: 1944
    Shared Read Blocks: 127834
    Shared Dirtied Blocks: 0
    Shared Written Blocks: 0
    Local Hit Blocks: 0
    Local Read Blocks: 0
    Local Dirtied Blocks: 0
    Local Written Blocks: 0
    Temp Read Blocks: 0
    Temp Written Blocks: 0
    I/O Read Time: 0.000
    I/O Write Time: 0.000
    Plans: 
      - Node Type: "Aggregate"
        Strategy: "Hashed"
        Parent Relationship: "Outer"
        Startup Cost: 304613.91
        Total Cost: 304613.92
        Plan Rows: 1
        Plan Width: 14
        Actual Startup Time: 2967.048
        Actual Total Time: 2967.048
        Actual Rows: 2
        Actual Loops: 1
        Output: 
          - "lineitem.l_shipmode"
          - "sum(CASE WHEN ((orders.o_orderpriority = '1-URGENT'::text) OR (orders.o_orderpriority = '2-HIGH'::text)) THEN 1 ELSE 0 END)"
          - "sum(CASE WHEN ((orders.o_orderpriority <> '1-URGENT'::text) AND (orders.o_orderpriority <> '2-HIGH'::text)) THEN 1 ELSE 0 END)"
        Group Key: 
          - "lineitem.l_shipmode"
        Shared Hit Blocks: 1941
        Shared Read Blocks: 127834
        Shared Dirtied Blocks: 0
        Shared Written Blocks: 0
        Local Hit Blocks: 0
        Local Read Blocks: 0
        Local Dirtied Blocks: 0
        Local Written Blocks: 0
        Temp Read Blocks: 0
        Temp Written Blocks: 0
        I/O Read Time: 0.000
        I/O Write Time: 0.000
        Plans: 
          - Node Type: "Merge Join"
            Parent Relationship: "Outer"
            Join Type: "Inner"
            Startup Cost: 235756.13
            Total Cost: 304099.69
            Plan Rows: 29384
            Plan Width: 14
            Actual Startup Time: 2292.246
            Actual Total Time: 2948.152
            Actual Rows: 30988
            Actual Loops: 1
            Output: 
              - "orders.o_orderpriority"
              - "lineitem.l_shipmode"
            Merge Cond: "(orders.o_orderkey = lineitem.l_orderkey)"
            Shared Hit Blocks: 1941
            Shared Read Blocks: 127834
            Shared Dirtied Blocks: 0
            Shared Written Blocks: 0
            Local Hit Blocks: 0
            Local Read Blocks: 0
            Local Dirtied Blocks: 0
            Local Written Blocks: 0
            Temp Read Blocks: 0
            Temp Written Blocks: 0
            I/O Read Time: 0.000
            I/O Write Time: 0.000
            Plans: 
              - Node Type: "Index Scan"
                Parent Relationship: "Outer"
                Scan Direction: "Forward"
                Index Name: "orders_pkey"
                Relation Name: "orders"
                Schema: "public"
                Alias: "orders"
                Startup Cost: 0.43
                Total Cost: 64159.43
                Plan Rows: 1500000
                Plan Width: 13
                Actual Startup Time: 0.007
                Actual Total Time: 522.066
                Actual Rows: 1499957
                Actual Loops: 1
                Output: 
                  - "orders.o_orderkey"
                  - "orders.o_custkey"
                  - "orders.o_orderstatus"
                  - "orders.o_totalprice"
                  - "orders.o_orderdate"
                  - "orders.o_orderpriority"
                  - "orders.o_clerk"
                  - "orders.o_shippriority"
                  - "orders.o_comment"
                Shared Hit Blocks: 1935
                Shared Read Blocks: 29292
                Shared Dirtied Blocks: 0
                Shared Written Blocks: 0
                Local Hit Blocks: 0
                Local Read Blocks: 0
                Local Dirtied Blocks: 0
                Local Written Blocks: 0
                Temp Read Blocks: 0
                Temp Written Blocks: 0
                I/O Read Time: 0.000
                I/O Write Time: 0.000
              - Node Type: "Sort"
                Parent Relationship: "Inner"
                Startup Cost: 235752.03
                Total Cost: 235825.49
                Plan Rows: 29384
                Plan Width: 9
                Actual Startup Time: 2292.193
                Actual Total Time: 2294.315
                Actual Rows: 30988
                Actual Loops: 1
                Output: 
                  - "lineitem.l_shipmode"
                  - "lineitem.l_orderkey"
                Sort Key: 
                  - "lineitem.l_orderkey"
                Sort Method: "quicksort"
                Sort Space Used: 2221
                Sort Space Type: "Memory"
                Shared Hit Blocks: 6
                Shared Read Blocks: 98542
                Shared Dirtied Blocks: 0
                Shared Written Blocks: 0
                Local Hit Blocks: 0
                Local Read Blocks: 0
                Local Dirtied Blocks: 0
                Local Written Blocks: 0
                Temp Read Blocks: 0
                Temp Written Blocks: 0
                I/O Read Time: 0.000
                I/O Write Time: 0.000
                Plans: 
                  - Node Type: "Seq Scan"
                    Parent Relationship: "Outer"
                    Relation Name: "lineitem"
                    Schema: "public"
                    Alias: "lineitem"
                    Startup Cost: 0.00
                    Total Cost: 233571.34
                    Plan Rows: 29384
                    Plan Width: 9
                    Actual Startup Time: 0.418
                    Actual Total Time: 2281.061
                    Actual Rows: 30988
                    Actual Loops: 1
                    Output: 
                      - "lineitem.l_shipmode"
                      - "lineitem.l_orderkey"
                    Filter: "((lineitem.l_shipmode = ANY ('{MAIL,SHIP}'::text[])) AND (lineitem.l_commitdate < lineitem.l_receiptdate) AND (lineitem.l_shipdate < lineitem.l_commitdate) AND (lineitem.l_receiptdate >= '1994-01-01'::date) AND (lineitem.l_receiptdate < '1995-01-01 00:00:00'::timestamp without time zone))"
                    Rows Removed by Filter: 5970227
                    Shared Hit Blocks: 2
                    Shared Read Blocks: 98542
                    Shared Dirtied Blocks: 0
                    Shared Written Blocks: 0
                    Local Hit Blocks: 0
                    Local Read Blocks: 0
                    Local Dirtied Blocks: 0
                    Local Written Blocks: 0
                    Temp Read Blocks: 0
                    Temp Written Blocks: 0
                    I/O Read Time: 0.000
                    I/O Write Time: 0.000
  Triggers: 
  Execution Time: 2967.360
