- Plan: 
    Node Type: "Sort"
    Startup Cost: 275.86
    Total Cost: 275.87
    Plan Rows: 1
    Plan Width: 156
    Actual Startup Time: 257.719
    Actual Total Time: 257.759
    Actual Rows: 460
    Actual Loops: 1
    Output: 
      - "supplier.s_acctbal"
      - "supplier.s_name"
      - "nation.n_name"
      - "part.p_partkey"
      - "part.p_mfgr"
      - "supplier.s_address"
      - "supplier.s_phone"
      - "supplier.s_comment"
    Sort Key: 
      - "supplier.s_acctbal DESC"
      - "nation.n_name"
      - "supplier.s_name"
      - "part.p_partkey"
    Sort Method: "quicksort"
    Sort Space Used: 146
    Sort Space Type: "Memory"
    Shared Hit Blocks: 16000
    Shared Read Blocks: 1908
    Shared Dirtied Blocks: 0
    Shared Written Blocks: 0
    Local Hit Blocks: 0
    Local Read Blocks: 0
    Local Dirtied Blocks: 0
    Local Written Blocks: 0
    Temp Read Blocks: 0
    Temp Written Blocks: 0
    I/O Read Time: 0.000
    I/O Write Time: 0.000
    Plans: 
      - Node Type: "Aggregate"
        Strategy: "Sorted"
        Parent Relationship: "InitPlan"
        Subplan Name: "CTE minperpart"
        Startup Cost: 201.46
        Total Cost: 201.74
        Plan Rows: 16
        Plan Width: 10
        Actual Startup Time: 227.481
        Actual Total Time: 227.892
        Actual Rows: 460
        Actual Loops: 1
        Output: 
          - "min(partsupp_1.ps_supplycost)"
          - "part_1.p_partkey"
        Group Key: 
          - "part_1.p_partkey"
        Shared Hit Blocks: 10315
        Shared Read Blocks: 1595
        Shared Dirtied Blocks: 0
        Shared Written Blocks: 0
        Local Hit Blocks: 0
        Local Read Blocks: 0
        Local Dirtied Blocks: 0
        Local Written Blocks: 0
        Temp Read Blocks: 0
        Temp Written Blocks: 0
        I/O Read Time: 0.000
        I/O Write Time: 0.000
        Plans: 
          - Node Type: "Sort"
            Parent Relationship: "Outer"
            Startup Cost: 201.46
            Total Cost: 201.50
            Plan Rows: 16
            Plan Width: 10
            Actual Startup Time: 227.463
            Actual Total Time: 227.528
            Actual Rows: 642
            Actual Loops: 1
            Output: 
              - "part_1.p_partkey"
              - "partsupp_1.ps_supplycost"
            Sort Key: 
              - "part_1.p_partkey"
            Sort Method: "quicksort"
            Sort Space Used: 55
            Sort Space Type: "Memory"
            Shared Hit Blocks: 10315
            Shared Read Blocks: 1595
            Shared Dirtied Blocks: 0
            Shared Written Blocks: 0
            Local Hit Blocks: 0
            Local Read Blocks: 0
            Local Dirtied Blocks: 0
            Local Written Blocks: 0
            Temp Read Blocks: 0
            Temp Written Blocks: 0
            I/O Read Time: 0.000
            I/O Write Time: 0.000
            Plans: 
              - Node Type: "Nested Loop"
                Parent Relationship: "Outer"
                Join Type: "Inner"
                Startup Cost: 6.95
                Total Cost: 201.14
                Plan Rows: 16
                Plan Width: 10
                Actual Startup Time: 4.423
                Actual Total Time: 226.939
                Actual Rows: 642
                Actual Loops: 1
                Output: 
                  - "part_1.p_partkey"
                  - "partsupp_1.ps_supplycost"
                Join Filter: "(nation_1.n_regionkey = region_1.r_regionkey)"
                Rows Removed by Join Filter: 2346
                Shared Hit Blocks: 10315
                Shared Read Blocks: 1595
                Shared Dirtied Blocks: 0
                Shared Written Blocks: 0
                Local Hit Blocks: 0
                Local Read Blocks: 0
                Local Dirtied Blocks: 0
                Local Written Blocks: 0
                Temp Read Blocks: 0
                Temp Written Blocks: 0
                I/O Read Time: 0.000
                I/O Write Time: 0.000
                Plans: 
                  - Node Type: "Seq Scan"
                    Parent Relationship: "Outer"
                    Relation Name: "region"
                    Schema: "public"
                    Alias: "region_1"
                    Startup Cost: 0.00
                    Total Cost: 1.06
                    Plan Rows: 1
                    Plan Width: 4
                    Actual Startup Time: 0.005
                    Actual Total Time: 0.007
                    Actual Rows: 1
                    Actual Loops: 1
                    Output: 
                      - "region_1.r_regionkey"
                      - "region_1.r_name"
                      - "region_1.r_comment"
                    Filter: "(region_1.r_name = 'EUROPE'::text)"
                    Rows Removed by Filter: 4
                    Shared Hit Blocks: 1
                    Shared Read Blocks: 0
                    Shared Dirtied Blocks: 0
                    Shared Written Blocks: 0
                    Local Hit Blocks: 0
                    Local Read Blocks: 0
                    Local Dirtied Blocks: 0
                    Local Written Blocks: 0
                    Temp Read Blocks: 0
                    Temp Written Blocks: 0
                    I/O Read Time: 0.000
                    I/O Write Time: 0.000
                  - Node Type: "Hash Join"
                    Parent Relationship: "Inner"
                    Join Type: "Inner"
                    Startup Cost: 6.95
                    Total Cost: 199.08
                    Plan Rows: 80
                    Plan Width: 14
                    Actual Startup Time: 3.073
                    Actual Total Time: 226.387
                    Actual Rows: 2988
                    Actual Loops: 1
                    Output: 
                      - "part_1.p_partkey"
                      - "partsupp_1.ps_supplycost"
                      - "nation_1.n_regionkey"
                    Hash Cond: "(supplier_1.s_nationkey = nation_1.n_nationkey)"
                    Shared Hit Blocks: 10314
                    Shared Read Blocks: 1595
                    Shared Dirtied Blocks: 0
                    Shared Written Blocks: 0
                    Local Hit Blocks: 0
                    Local Read Blocks: 0
                    Local Dirtied Blocks: 0
                    Local Written Blocks: 0
                    Temp Read Blocks: 0
                    Temp Written Blocks: 0
                    I/O Read Time: 0.000
                    I/O Write Time: 0.000
                    Plans: 
                      - Node Type: "Nested Loop"
                        Parent Relationship: "Outer"
                        Join Type: "Inner"
                        Startup Cost: 5.38
                        Total Cost: 196.42
                        Plan Rows: 80
                        Plan Width: 14
                        Actual Startup Time: 3.024
                        Actual Total Time: 224.792
                        Actual Rows: 2988
                        Actual Loops: 1
                        Output: 
                          - "part_1.p_partkey"
                          - "partsupp_1.ps_supplycost"
                          - "supplier_1.s_nationkey"
                        Shared Hit Blocks: 10313
                        Shared Read Blocks: 1595
                        Shared Dirtied Blocks: 0
                        Shared Written Blocks: 0
                        Local Hit Blocks: 0
                        Local Read Blocks: 0
                        Local Dirtied Blocks: 0
                        Local Written Blocks: 0
                        Temp Read Blocks: 0
                        Temp Written Blocks: 0
                        I/O Read Time: 0.000
                        I/O Write Time: 0.000
                        Plans: 
                          - Node Type: "Nested Loop"
                            Parent Relationship: "Outer"
                            Join Type: "Inner"
                            Startup Cost: 5.10
                            Total Cost: 171.32
                            Plan Rows: 80
                            Plan Width: 14
                            Actual Startup Time: 2.558
                            Actual Total Time: 180.543
                            Actual Rows: 2988
                            Actual Loops: 1
                            Output: 
                              - "part_1.p_partkey"
                              - "partsupp_1.ps_supplycost"
                              - "partsupp_1.ps_suppkey"
                            Shared Hit Blocks: 1573
                            Shared Read Blocks: 1358
                            Shared Dirtied Blocks: 0
                            Shared Written Blocks: 0
                            Local Hit Blocks: 0
                            Local Read Blocks: 0
                            Local Dirtied Blocks: 0
                            Local Written Blocks: 0
                            Temp Read Blocks: 0
                            Temp Written Blocks: 0
                            I/O Read Time: 0.000
                            I/O Write Time: 0.000
                            Plans: 
                              - Node Type: "Bitmap Heap Scan"
                                Parent Relationship: "Outer"
                                Relation Name: "part"
                                Schema: "public"
                                Alias: "part_1"
                                Startup Cost: 4.67
                                Total Cost: 80.62
                                Plan Rows: 20
                                Plan Width: 4
                                Actual Startup Time: 1.798
                                Actual Total Time: 46.302
                                Actual Rows: 747
                                Actual Loops: 1
                                Output: 
                                  - "part_1.p_partkey"
                                  - "part_1.p_name"
                                  - "part_1.p_mfgr"
                                  - "part_1.p_brand"
                                  - "part_1.p_type"
                                  - "part_1.p_size"
                                  - "part_1.p_container"
                                  - "part_1.p_retailprice"
                                  - "part_1.p_comment"
                                Recheck Cond: "(part_1.p_size = 15)"
                                Rows Removed by Index Recheck: 0
                                Filter: "(reverse(part_1.p_type) ~~ 'SSARB%'::text)"
                                Rows Removed by Filter: 0
                                Exact Heap Blocks: 671
                                Lossy Heap Blocks: 0
                                Shared Hit Blocks: 0
                                Shared Read Blocks: 678
                                Shared Dirtied Blocks: 0
                                Shared Written Blocks: 0
                                Local Hit Blocks: 0
                                Local Read Blocks: 0
                                Local Dirtied Blocks: 0
                                Local Written Blocks: 0
                                Temp Read Blocks: 0
                                Temp Written Blocks: 0
                                I/O Read Time: 0.000
                                I/O Write Time: 0.000
                                Plans: 
                                  - Node Type: "Bitmap Index Scan"
                                    Parent Relationship: "Outer"
                                    Index Name: "idx_p_size_reverse_type"
                                    Startup Cost: 0.00
                                    Total Cost: 4.67
                                    Plan Rows: 20
                                    Plan Width: 0
                                    Actual Startup Time: 1.286
                                    Actual Total Time: 1.286
                                    Actual Rows: 747
                                    Actual Loops: 1
                                    Index Cond: "((part_1.p_size = 15) AND (reverse(part_1.p_type) ~>=~ 'SSARB'::text) AND (reverse(part_1.p_type) ~<~ 'SSARC'::text))"
                                    Shared Hit Blocks: 0
                                    Shared Read Blocks: 7
                                    Shared Dirtied Blocks: 0
                                    Shared Written Blocks: 0
                                    Local Hit Blocks: 0
                                    Local Read Blocks: 0
                                    Local Dirtied Blocks: 0
                                    Local Written Blocks: 0
                                    Temp Read Blocks: 0
                                    Temp Written Blocks: 0
                                    I/O Read Time: 0.000
                                    I/O Write Time: 0.000
                              - Node Type: "Index Only Scan"
                                Parent Relationship: "Inner"
                                Scan Direction: "Forward"
                                Index Name: "idx_halp"
                                Relation Name: "partsupp"
                                Schema: "public"
                                Alias: "partsupp_1"
                                Startup Cost: 0.42
                                Total Cost: 4.50
                                Plan Rows: 4
                                Plan Width: 14
                                Actual Startup Time: 0.176
                                Actual Total Time: 0.178
                                Actual Rows: 4
                                Actual Loops: 747
                                Output: 
                                  - "partsupp_1.ps_partkey"
                                  - "partsupp_1.ps_suppkey"
                                  - "partsupp_1.ps_supplycost"
                                Index Cond: "(partsupp_1.ps_partkey = part_1.p_partkey)"
                                Rows Removed by Index Recheck: 0
                                Heap Fetches: 0
                                Shared Hit Blocks: 1573
                                Shared Read Blocks: 680
                                Shared Dirtied Blocks: 0
                                Shared Written Blocks: 0
                                Local Hit Blocks: 0
                                Local Read Blocks: 0
                                Local Dirtied Blocks: 0
                                Local Written Blocks: 0
                                Temp Read Blocks: 0
                                Temp Written Blocks: 0
                                I/O Read Time: 0.000
                                I/O Write Time: 0.000
                          - Node Type: "Index Scan"
                            Parent Relationship: "Inner"
                            Scan Direction: "Forward"
                            Index Name: "supplier_pkey"
                            Relation Name: "supplier"
                            Schema: "public"
                            Alias: "supplier_1"
                            Startup Cost: 0.29
                            Total Cost: 0.30
                            Plan Rows: 1
                            Plan Width: 8
                            Actual Startup Time: 0.014
                            Actual Total Time: 0.014
                            Actual Rows: 1
                            Actual Loops: 2988
                            Output: 
                              - "supplier_1.s_suppkey"
                              - "supplier_1.s_name"
                              - "supplier_1.s_address"
                              - "supplier_1.s_nationkey"
                              - "supplier_1.s_phone"
                              - "supplier_1.s_acctbal"
                              - "supplier_1.s_comment"
                            Index Cond: "(supplier_1.s_suppkey = partsupp_1.ps_suppkey)"
                            Rows Removed by Index Recheck: 0
                            Shared Hit Blocks: 8740
                            Shared Read Blocks: 237
                            Shared Dirtied Blocks: 0
                            Shared Written Blocks: 0
                            Local Hit Blocks: 0
                            Local Read Blocks: 0
                            Local Dirtied Blocks: 0
                            Local Written Blocks: 0
                            Temp Read Blocks: 0
                            Temp Written Blocks: 0
                            I/O Read Time: 0.000
                            I/O Write Time: 0.000
                      - Node Type: "Hash"
                        Parent Relationship: "Inner"
                        Startup Cost: 1.25
                        Total Cost: 1.25
                        Plan Rows: 25
                        Plan Width: 8
                        Actual Startup Time: 0.012
                        Actual Total Time: 0.012
                        Actual Rows: 25
                        Actual Loops: 1
                        Output: 
                          - "nation_1.n_nationkey"
                          - "nation_1.n_regionkey"
                        Hash Buckets: 1024
                        Original Hash Buckets: 1024
                        Hash Batches: 1
                        Original Hash Batches: 1
                        Peak Memory Usage: 9
                        Shared Hit Blocks: 1
                        Shared Read Blocks: 0
                        Shared Dirtied Blocks: 0
                        Shared Written Blocks: 0
                        Local Hit Blocks: 0
                        Local Read Blocks: 0
                        Local Dirtied Blocks: 0
                        Local Written Blocks: 0
                        Temp Read Blocks: 0
                        Temp Written Blocks: 0
                        I/O Read Time: 0.000
                        I/O Write Time: 0.000
                        Plans: 
                          - Node Type: "Seq Scan"
                            Parent Relationship: "Outer"
                            Relation Name: "nation"
                            Schema: "public"
                            Alias: "nation_1"
                            Startup Cost: 0.00
                            Total Cost: 1.25
                            Plan Rows: 25
                            Plan Width: 8
                            Actual Startup Time: 0.001
                            Actual Total Time: 0.006
                            Actual Rows: 25
                            Actual Loops: 1
                            Output: 
                              - "nation_1.n_nationkey"
                              - "nation_1.n_regionkey"
                            Shared Hit Blocks: 1
                            Shared Read Blocks: 0
                            Shared Dirtied Blocks: 0
                            Shared Written Blocks: 0
                            Local Hit Blocks: 0
                            Local Read Blocks: 0
                            Local Dirtied Blocks: 0
                            Local Written Blocks: 0
                            Temp Read Blocks: 0
                            Temp Written Blocks: 0
                            I/O Read Time: 0.000
                            I/O Write Time: 0.000
      - Node Type: "Nested Loop"
        Parent Relationship: "Outer"
        Join Type: "Inner"
        Startup Cost: 1.27
        Total Cost: 74.11
        Plan Rows: 1
        Plan Width: 156
        Actual Startup Time: 227.521
        Actual Total Time: 257.150
        Actual Rows: 460
        Actual Loops: 1
        Output: 
          - "supplier.s_acctbal"
          - "supplier.s_name"
          - "nation.n_name"
          - "part.p_partkey"
          - "part.p_mfgr"
          - "supplier.s_address"
          - "supplier.s_phone"
          - "supplier.s_comment"
        Shared Hit Blocks: 15991
        Shared Read Blocks: 1908
        Shared Dirtied Blocks: 0
        Shared Written Blocks: 0
        Local Hit Blocks: 0
        Local Read Blocks: 0
        Local Dirtied Blocks: 0
        Local Written Blocks: 0
        Temp Read Blocks: 0
        Temp Written Blocks: 0
        I/O Read Time: 0.000
        I/O Write Time: 0.000
        Plans: 
          - Node Type: "Nested Loop"
            Parent Relationship: "Outer"
            Join Type: "Inner"
            Startup Cost: 1.27
            Total Cost: 73.03
            Plan Rows: 1
            Plan Width: 156
            Actual Startup Time: 227.515
            Actual Total Time: 256.352
            Actual Rows: 460
            Actual Loops: 1
            Output: 
              - "part.p_partkey"
              - "part.p_mfgr"
              - "supplier.s_acctbal"
              - "supplier.s_name"
              - "supplier.s_address"
              - "supplier.s_phone"
              - "supplier.s_comment"
              - "nation.n_name"
            Shared Hit Blocks: 15531
            Shared Read Blocks: 1908
            Shared Dirtied Blocks: 0
            Shared Written Blocks: 0
            Local Hit Blocks: 0
            Local Read Blocks: 0
            Local Dirtied Blocks: 0
            Local Written Blocks: 0
            Temp Read Blocks: 0
            Temp Written Blocks: 0
            I/O Read Time: 0.000
            I/O Write Time: 0.000
            Plans: 
              - Node Type: "Nested Loop"
                Parent Relationship: "Outer"
                Join Type: "Inner"
                Startup Cost: 1.13
                Total Cost: 72.87
                Plan Rows: 1
                Plan Width: 152
                Actual Startup Time: 227.511
                Actual Total Time: 255.683
                Actual Rows: 460
                Actual Loops: 1
                Output: 
                  - "part.p_partkey"
                  - "part.p_mfgr"
                  - "supplier.s_acctbal"
                  - "supplier.s_name"
                  - "supplier.s_address"
                  - "supplier.s_phone"
                  - "supplier.s_comment"
                  - "supplier.s_nationkey"
                Shared Hit Blocks: 14611
                Shared Read Blocks: 1908
                Shared Dirtied Blocks: 0
                Shared Written Blocks: 0
                Local Hit Blocks: 0
                Local Read Blocks: 0
                Local Dirtied Blocks: 0
                Local Written Blocks: 0
                Temp Read Blocks: 0
                Temp Written Blocks: 0
                I/O Read Time: 0.000
                I/O Write Time: 0.000
                Plans: 
                  - Node Type: "Nested Loop"
                    Parent Relationship: "Outer"
                    Join Type: "Inner"
                    Startup Cost: 0.84
                    Total Cost: 72.55
                    Plan Rows: 1
                    Plan Width: 23
                    Actual Startup Time: 227.507
                    Actual Total Time: 254.282
                    Actual Rows: 460
                    Actual Loops: 1
                    Output: 
                      - "part.p_partkey"
                      - "part.p_mfgr"
                      - "partsupp.ps_suppkey"
                    Shared Hit Blocks: 13231
                    Shared Read Blocks: 1908
                    Shared Dirtied Blocks: 0
                    Shared Written Blocks: 0
                    Local Hit Blocks: 0
                    Local Read Blocks: 0
                    Local Dirtied Blocks: 0
                    Local Written Blocks: 0
                    Temp Read Blocks: 0
                    Temp Written Blocks: 0
                    I/O Read Time: 0.000
                    I/O Write Time: 0.000
                    Plans: 
                      - Node Type: "Nested Loop"
                        Parent Relationship: "Outer"
                        Join Type: "Inner"
                        Startup Cost: 0.42
                        Total Cost: 72.08
                        Plan Rows: 1
                        Plan Width: 12
                        Actual Startup Time: 227.495
                        Actual Total Time: 229.741
                        Actual Rows: 460
                        Actual Loops: 1
                        Output: 
                          - "partsupp.ps_partkey"
                          - "partsupp.ps_suppkey"
                          - "minperpart.mpp_partkey"
                        Shared Hit Blocks: 11702
                        Shared Read Blocks: 1595
                        Shared Dirtied Blocks: 0
                        Shared Written Blocks: 0
                        Local Hit Blocks: 0
                        Local Read Blocks: 0
                        Local Dirtied Blocks: 0
                        Local Written Blocks: 0
                        Temp Read Blocks: 0
                        Temp Written Blocks: 0
                        I/O Read Time: 0.000
                        I/O Write Time: 0.000
                        Plans: 
                          - Node Type: "CTE Scan"
                            Parent Relationship: "Outer"
                            CTE Name: "minperpart"
                            Alias: "minperpart"
                            Startup Cost: 0.00
                            Total Cost: 0.32
                            Plan Rows: 16
                            Plan Width: 36
                            Actual Startup Time: 227.483
                            Actual Total Time: 228.055
                            Actual Rows: 460
                            Actual Loops: 1
                            Output: 
                              - "minperpart.mpp_mincost"
                              - "minperpart.mpp_partkey"
                            Shared Hit Blocks: 10315
                            Shared Read Blocks: 1595
                            Shared Dirtied Blocks: 0
                            Shared Written Blocks: 0
                            Local Hit Blocks: 0
                            Local Read Blocks: 0
                            Local Dirtied Blocks: 0
                            Local Written Blocks: 0
                            Temp Read Blocks: 0
                            Temp Written Blocks: 0
                            I/O Read Time: 0.000
                            I/O Write Time: 0.000
                          - Node Type: "Index Only Scan"
                            Parent Relationship: "Inner"
                            Scan Direction: "Forward"
                            Index Name: "idx_halp"
                            Relation Name: "partsupp"
                            Schema: "public"
                            Alias: "partsupp"
                            Startup Cost: 0.42
                            Total Cost: 4.47
                            Plan Rows: 1
                            Plan Width: 14
                            Actual Startup Time: 0.003
                            Actual Total Time: 0.003
                            Actual Rows: 1
                            Actual Loops: 460
                            Output: 
                              - "partsupp.ps_partkey"
                              - "partsupp.ps_suppkey"
                              - "partsupp.ps_supplycost"
                            Index Cond: "((partsupp.ps_partkey = minperpart.mpp_partkey) AND (partsupp.ps_supplycost = minperpart.mpp_mincost))"
                            Rows Removed by Index Recheck: 0
                            Heap Fetches: 0
                            Shared Hit Blocks: 1387
                            Shared Read Blocks: 0
                            Shared Dirtied Blocks: 0
                            Shared Written Blocks: 0
                            Local Hit Blocks: 0
                            Local Read Blocks: 0
                            Local Dirtied Blocks: 0
                            Local Written Blocks: 0
                            Temp Read Blocks: 0
                            Temp Written Blocks: 0
                            I/O Read Time: 0.000
                            I/O Write Time: 0.000
                      - Node Type: "Index Scan"
                        Parent Relationship: "Inner"
                        Scan Direction: "Forward"
                        Index Name: "part_pkey"
                        Relation Name: "part"
                        Schema: "public"
                        Alias: "part"
                        Startup Cost: 0.42
                        Total Cost: 0.46
                        Plan Rows: 1
                        Plan Width: 19
                        Actual Startup Time: 0.053
                        Actual Total Time: 0.053
                        Actual Rows: 1
                        Actual Loops: 460
                        Output: 
                          - "part.p_partkey"
                          - "part.p_name"
                          - "part.p_mfgr"
                          - "part.p_brand"
                          - "part.p_type"
                          - "part.p_size"
                          - "part.p_container"
                          - "part.p_retailprice"
                          - "part.p_comment"
                        Index Cond: "(part.p_partkey = partsupp.ps_partkey)"
                        Rows Removed by Index Recheck: 0
                        Filter: "((part.p_type ~~ '%BRASS'::text) AND (part.p_size = 15))"
                        Rows Removed by Filter: 0
                        Shared Hit Blocks: 1529
                        Shared Read Blocks: 313
                        Shared Dirtied Blocks: 0
                        Shared Written Blocks: 0
                        Local Hit Blocks: 0
                        Local Read Blocks: 0
                        Local Dirtied Blocks: 0
                        Local Written Blocks: 0
                        Temp Read Blocks: 0
                        Temp Written Blocks: 0
                        I/O Read Time: 0.000
                        I/O Write Time: 0.000
                  - Node Type: "Index Scan"
                    Parent Relationship: "Inner"
                    Scan Direction: "Forward"
                    Index Name: "supplier_pkey"
                    Relation Name: "supplier"
                    Schema: "public"
                    Alias: "supplier"
                    Startup Cost: 0.29
                    Total Cost: 0.30
                    Plan Rows: 1
                    Plan Width: 137
                    Actual Startup Time: 0.002
                    Actual Total Time: 0.002
                    Actual Rows: 1
                    Actual Loops: 460
                    Output: 
                      - "supplier.s_suppkey"
                      - "supplier.s_name"
                      - "supplier.s_address"
                      - "supplier.s_nationkey"
                      - "supplier.s_phone"
                      - "supplier.s_acctbal"
                      - "supplier.s_comment"
                    Index Cond: "(supplier.s_suppkey = partsupp.ps_suppkey)"
                    Rows Removed by Index Recheck: 0
                    Shared Hit Blocks: 1380
                    Shared Read Blocks: 0
                    Shared Dirtied Blocks: 0
                    Shared Written Blocks: 0
                    Local Hit Blocks: 0
                    Local Read Blocks: 0
                    Local Dirtied Blocks: 0
                    Local Written Blocks: 0
                    Temp Read Blocks: 0
                    Temp Written Blocks: 0
                    I/O Read Time: 0.000
                    I/O Write Time: 0.000
              - Node Type: "Index Scan"
                Parent Relationship: "Inner"
                Scan Direction: "Forward"
                Index Name: "nation_pkey"
                Relation Name: "nation"
                Schema: "public"
                Alias: "nation"
                Startup Cost: 0.14
                Total Cost: 0.16
                Plan Rows: 1
                Plan Width: 12
                Actual Startup Time: 0.001
                Actual Total Time: 0.001
                Actual Rows: 1
                Actual Loops: 460
                Output: 
                  - "nation.n_nationkey"
                  - "nation.n_name"
                  - "nation.n_regionkey"
                  - "nation.n_comment"
                Index Cond: "(nation.n_nationkey = supplier.s_nationkey)"
                Rows Removed by Index Recheck: 0
                Shared Hit Blocks: 920
                Shared Read Blocks: 0
                Shared Dirtied Blocks: 0
                Shared Written Blocks: 0
                Local Hit Blocks: 0
                Local Read Blocks: 0
                Local Dirtied Blocks: 0
                Local Written Blocks: 0
                Temp Read Blocks: 0
                Temp Written Blocks: 0
                I/O Read Time: 0.000
                I/O Write Time: 0.000
          - Node Type: "Seq Scan"
            Parent Relationship: "Inner"
            Relation Name: "region"
            Schema: "public"
            Alias: "region"
            Startup Cost: 0.00
            Total Cost: 1.06
            Plan Rows: 1
            Plan Width: 0
            Actual Startup Time: 0.001
            Actual Total Time: 0.001
            Actual Rows: 1
            Actual Loops: 460
            Output: 
              - "region.r_regionkey"
              - "region.r_name"
              - "region.r_comment"
            Filter: "(region.r_name = 'EUROPE'::text)"
            Rows Removed by Filter: 4
            Shared Hit Blocks: 460
            Shared Read Blocks: 0
            Shared Dirtied Blocks: 0
            Shared Written Blocks: 0
            Local Hit Blocks: 0
            Local Read Blocks: 0
            Local Dirtied Blocks: 0
            Local Written Blocks: 0
            Temp Read Blocks: 0
            Temp Written Blocks: 0
            I/O Read Time: 0.000
            I/O Write Time: 0.000
  Triggers: 
  Execution Time: 257.986
