- Plan: 
    Node Type: "Sort"
    Startup Cost: 80589.51
    Total Cost: 80589.51
    Plan Rows: 1
    Plan Width: 14
    Actual Startup Time: 2929.532
    Actual Total Time: 2929.532
    Actual Rows: 2
    Actual Loops: 1
    Output: 
      - "lineitem.l_shipmode"
      - "(count(orders.o_orderpriority) FILTER (WHERE (orders.o_orderpriority = ANY ('{1-URGENT,2-HIGH}'::text[]))))"
      - "(count(orders.o_orderpriority) FILTER (WHERE (orders.o_orderpriority <> ALL ('{1-URGENT,2-HIGH}'::text[]))))"
    Sort Key: 
      - "lineitem.l_shipmode"
    Sort Method: "quicksort"
    Sort Space Used: 25
    Sort Space Type: "Memory"
    Shared Hit Blocks: 494384
    Shared Read Blocks: 10555
    Shared Dirtied Blocks: 0
    Shared Written Blocks: 0
    Local Hit Blocks: 0
    Local Read Blocks: 0
    Local Dirtied Blocks: 0
    Local Written Blocks: 0
    Temp Read Blocks: 0
    Temp Written Blocks: 0
    I/O Read Time: 0.000
    I/O Write Time: 0.000
    Plans: 
      - Node Type: "Aggregate"
        Strategy: "Hashed"
        Parent Relationship: "Outer"
        Startup Cost: 80589.49
        Total Cost: 80589.50
        Plan Rows: 1
        Plan Width: 14
        Actual Startup Time: 2929.484
        Actual Total Time: 2929.485
        Actual Rows: 2
        Actual Loops: 1
        Output: 
          - "lineitem.l_shipmode"
          - "count(orders.o_orderpriority) FILTER (WHERE (orders.o_orderpriority = ANY ('{1-URGENT,2-HIGH}'::text[])))"
          - "count(orders.o_orderpriority) FILTER (WHERE (orders.o_orderpriority <> ALL ('{1-URGENT,2-HIGH}'::text[])))"
        Group Key: 
          - "lineitem.l_shipmode"
        Shared Hit Blocks: 494379
        Shared Read Blocks: 10555
        Shared Dirtied Blocks: 0
        Shared Written Blocks: 0
        Local Hit Blocks: 0
        Local Read Blocks: 0
        Local Dirtied Blocks: 0
        Local Written Blocks: 0
        Temp Read Blocks: 0
        Temp Written Blocks: 0
        I/O Read Time: 0.000
        I/O Write Time: 0.000
        Plans: 
          - Node Type: "Nested Loop"
            Parent Relationship: "Outer"
            Join Type: "Inner"
            Startup Cost: 0.98
            Total Cost: 80235.06
            Plan Rows: 28354
            Plan Width: 14
            Actual Startup Time: 6.685
            Actual Total Time: 2902.825
            Actual Rows: 30988
            Actual Loops: 1
            Output: 
              - "orders.o_orderpriority"
              - "lineitem.l_shipmode"
            Shared Hit Blocks: 494379
            Shared Read Blocks: 10555
            Shared Dirtied Blocks: 0
            Shared Written Blocks: 0
            Local Hit Blocks: 0
            Local Read Blocks: 0
            Local Dirtied Blocks: 0
            Local Written Blocks: 0
            Temp Read Blocks: 0
            Temp Written Blocks: 0
            I/O Read Time: 0.000
            I/O Write Time: 0.000
            Plans: 
              - Node Type: "Index Only Scan"
                Parent Relationship: "Outer"
                Scan Direction: "Forward"
                Index Name: "q21_lineitem_idx"
                Relation Name: "lineitem"
                Schema: "public"
                Alias: "lineitem"
                Startup Cost: 0.56
                Total Cost: 42831.11
                Plan Rows: 28354
                Plan Width: 9
                Actual Startup Time: 5.198
                Actual Total Time: 327.490
                Actual Rows: 30988
                Actual Loops: 1
                Output: 
                  - "lineitem.l_receiptdate"
                  - "lineitem.l_commitdate"
                  - "lineitem.l_shipdate"
                  - "lineitem.l_shipmode"
                  - "lineitem.l_orderkey"
                Index Cond: "((lineitem.l_receiptdate >= '1994-01-01'::date) AND (lineitem.l_receiptdate < '1995-01-01 00:00:00'::timestamp without time zone))"
                Rows Removed by Index Recheck: 0
                Filter: "((lineitem.l_shipmode = ANY ('{MAIL,SHIP}'::text[])) AND (lineitem.l_commitdate < lineitem.l_receiptdate) AND (lineitem.l_shipdate < lineitem.l_commitdate))"
                Rows Removed by Filter: 878856
                Heap Fetches: 0
                Shared Hit Blocks: 407252
                Shared Read Blocks: 4488
                Shared Dirtied Blocks: 0
                Shared Written Blocks: 0
                Local Hit Blocks: 0
                Local Read Blocks: 0
                Local Dirtied Blocks: 0
                Local Written Blocks: 0
                Temp Read Blocks: 0
                Temp Written Blocks: 0
                I/O Read Time: 0.000
                I/O Write Time: 0.000
              - Node Type: "Index Only Scan"
                Parent Relationship: "Inner"
                Scan Direction: "Forward"
                Index Name: "q21_orders_idx"
                Relation Name: "orders"
                Schema: "public"
                Alias: "orders"
                Startup Cost: 0.43
                Total Cost: 1.31
                Plan Rows: 1
                Plan Width: 13
                Actual Startup Time: 0.082
                Actual Total Time: 0.082
                Actual Rows: 1
                Actual Loops: 30988
                Output: 
                  - "orders.o_orderkey"
                  - "orders.o_orderpriority"
                Index Cond: "(orders.o_orderkey = lineitem.l_orderkey)"
                Rows Removed by Index Recheck: 0
                Heap Fetches: 0
                Shared Hit Blocks: 87127
                Shared Read Blocks: 6067
                Shared Dirtied Blocks: 0
                Shared Written Blocks: 0
                Local Hit Blocks: 0
                Local Read Blocks: 0
                Local Dirtied Blocks: 0
                Local Written Blocks: 0
                Temp Read Blocks: 0
                Temp Written Blocks: 0
                I/O Read Time: 0.000
                I/O Write Time: 0.000
  Triggers: 
  Execution Time: 2929.626
