- Plan: 
    Node Type: "Sort"
    Startup Cost: 47327.16
    Total Cost: 47334.41
    Plan Rows: 2900
    Plan Width: 38
    Actual Startup Time: 3611.289
    Actual Total Time: 3613.851
    Actual Rows: 18314
    Actual Loops: 1
    Output: 
      - "part.p_brand"
      - "part.p_type"
      - "part.p_size"
      - "(count(DISTINCT partsupp.ps_suppkey))"
    Sort Key: 
      - "(count(DISTINCT partsupp.ps_suppkey))"
      - "part.p_brand"
      - "part.p_type"
      - "part.p_size"
    Sort Method: "quicksort"
    Sort Space Used: 2199
    Sort Space Type: "Memory"
    Shared Hit Blocks: 87062
    Shared Read Blocks: 6315
    Shared Dirtied Blocks: 0
    Shared Written Blocks: 0
    Local Hit Blocks: 0
    Local Read Blocks: 0
    Local Dirtied Blocks: 0
    Local Written Blocks: 0
    Temp Read Blocks: 724
    Temp Written Blocks: 724
    I/O Read Time: 0.000
    I/O Write Time: 0.000
    Plans: 
      - Node Type: "Aggregate"
        Strategy: "Sorted"
        Parent Relationship: "Outer"
        Startup Cost: 45731.94
        Total Cost: 47160.39
        Plan Rows: 2900
        Plan Width: 38
        Actual Startup Time: 2930.006
        Actual Total Time: 3370.072
        Actual Rows: 18314
        Actual Loops: 1
        Output: 
          - "part.p_brand"
          - "part.p_type"
          - "part.p_size"
          - "count(DISTINCT partsupp.ps_suppkey)"
        Group Key: 
          - "part.p_brand"
          - "part.p_type"
          - "part.p_size"
        Shared Hit Blocks: 87051
        Shared Read Blocks: 6315
        Shared Dirtied Blocks: 0
        Shared Written Blocks: 0
        Local Hit Blocks: 0
        Local Read Blocks: 0
        Local Dirtied Blocks: 0
        Local Written Blocks: 0
        Temp Read Blocks: 724
        Temp Written Blocks: 724
        I/O Read Time: 0.000
        I/O Write Time: 0.000
        Plans: 
          - Node Type: "Sort"
            Parent Relationship: "Outer"
            Startup Cost: 45731.94
            Total Cost: 46011.83
            Plan Rows: 111956
            Plan Width: 38
            Actual Startup Time: 2929.959
            Actual Total Time: 3300.804
            Actual Rows: 118274
            Actual Loops: 1
            Output: 
              - "part.p_brand"
              - "part.p_type"
              - "part.p_size"
              - "partsupp.ps_suppkey"
            Sort Key: 
              - "part.p_brand"
              - "part.p_type"
              - "part.p_size"
            Sort Method: "external merge"
            Sort Space Used: 5776
            Sort Space Type: "Disk"
            Shared Hit Blocks: 87051
            Shared Read Blocks: 6315
            Shared Dirtied Blocks: 0
            Shared Written Blocks: 0
            Local Hit Blocks: 0
            Local Read Blocks: 0
            Local Dirtied Blocks: 0
            Local Written Blocks: 0
            Temp Read Blocks: 724
            Temp Written Blocks: 724
            I/O Read Time: 0.000
            I/O Write Time: 0.000
            Plans: 
              - Node Type: "Hash Join"
                Parent Relationship: "Outer"
                Join Type: "Semi"
                Startup Cost: 1393.65
                Total Cost: 33280.49
                Plan Rows: 111956
                Plan Width: 38
                Actual Startup Time: 60.359
                Actual Total Time: 407.395
                Actual Rows: 118274
                Actual Loops: 1
                Output: 
                  - "part.p_brand"
                  - "part.p_type"
                  - "part.p_size"
                  - "partsupp.ps_suppkey"
                Hash Cond: "(partsupp.ps_suppkey = supplier.s_suppkey)"
                Shared Hit Blocks: 87051
                Shared Read Blocks: 6315
                Shared Dirtied Blocks: 0
                Shared Written Blocks: 0
                Local Hit Blocks: 0
                Local Read Blocks: 0
                Local Dirtied Blocks: 0
                Local Written Blocks: 0
                Temp Read Blocks: 0
                Temp Written Blocks: 0
                I/O Read Time: 0.000
                I/O Write Time: 0.000
                Plans: 
                  - Node Type: "Nested Loop"
                    Parent Relationship: "Outer"
                    Join Type: "Inner"
                    Startup Cost: 930.66
                    Total Cost: 30017.38
                    Plan Rows: 112281
                    Plan Width: 38
                    Actual Startup Time: 42.698
                    Actual Total Time: 297.837
                    Actual Rows: 118324
                    Actual Loops: 1
                    Output: 
                      - "partsupp.ps_suppkey"
                      - "part.p_brand"
                      - "part.p_type"
                      - "part.p_size"
                    Shared Hit Blocks: 87049
                    Shared Read Blocks: 6104
                    Shared Dirtied Blocks: 0
                    Shared Written Blocks: 0
                    Local Hit Blocks: 0
                    Local Read Blocks: 0
                    Local Dirtied Blocks: 0
                    Local Written Blocks: 0
                    Temp Read Blocks: 0
                    Temp Written Blocks: 0
                    I/O Read Time: 0.000
                    I/O Write Time: 0.000
                    Plans: 
                      - Node Type: "Bitmap Heap Scan"
                        Parent Relationship: "Outer"
                        Relation Name: "part"
                        Schema: "public"
                        Alias: "part"
                        Startup Cost: 930.24
                        Total Cost: 5430.56
                        Plan Rows: 28996
                        Plan Width: 38
                        Actual Startup Time: 40.785
                        Actual Total Time: 124.807
                        Actual Rows: 29581
                        Actual Loops: 1
                        Output: 
                          - "part.p_partkey"
                          - "part.p_name"
                          - "part.p_mfgr"
                          - "part.p_brand"
                          - "part.p_type"
                          - "part.p_size"
                          - "part.p_container"
                          - "part.p_retailprice"
                          - "part.p_comment"
                        Recheck Cond: "(part.p_size = ANY ('{49,14,23,45,19,3,36,9}'::integer[]))"
                        Rows Removed by Index Recheck: 0
                        Filter: "((part.p_brand <> 'Brand#45'::text) AND (part.p_type !~~ 'MEDIUM POLISHED%'::text))"
                        Rows Removed by Filter: 2245
                        Exact Heap Blocks: 3712
                        Lossy Heap Blocks: 0
                        Shared Hit Blocks: 9
                        Shared Read Blocks: 3908
                        Shared Dirtied Blocks: 0
                        Shared Written Blocks: 0
                        Local Hit Blocks: 0
                        Local Read Blocks: 0
                        Local Dirtied Blocks: 0
                        Local Written Blocks: 0
                        Temp Read Blocks: 0
                        Temp Written Blocks: 0
                        I/O Read Time: 0.000
                        I/O Write Time: 0.000
                        Plans: 
                          - Node Type: "Bitmap Index Scan"
                            Parent Relationship: "Outer"
                            Index Name: "idx_q11_p_size_reverse_type"
                            Startup Cost: 0.00
                            Total Cost: 922.99
                            Plan Rows: 31413
                            Plan Width: 0
                            Actual Startup Time: 40.230
                            Actual Total Time: 40.230
                            Actual Rows: 31826
                            Actual Loops: 1
                            Index Cond: "(part.p_size = ANY ('{49,14,23,45,19,3,36,9}'::integer[]))"
                            Shared Hit Blocks: 8
                            Shared Read Blocks: 197
                            Shared Dirtied Blocks: 0
                            Shared Written Blocks: 0
                            Local Hit Blocks: 0
                            Local Read Blocks: 0
                            Local Dirtied Blocks: 0
                            Local Written Blocks: 0
                            Temp Read Blocks: 0
                            Temp Written Blocks: 0
                            I/O Read Time: 0.000
                            I/O Write Time: 0.000
                      - Node Type: "Index Only Scan"
                        Parent Relationship: "Inner"
                        Scan Direction: "Forward"
                        Index Name: "partsupp_pkey"
                        Relation Name: "partsupp"
                        Schema: "public"
                        Alias: "partsupp"
                        Startup Cost: 0.42
                        Total Cost: 0.81
                        Plan Rows: 4
                        Plan Width: 8
                        Actual Startup Time: 0.003
                        Actual Total Time: 0.004
                        Actual Rows: 4
                        Actual Loops: 29581
                        Output: 
                          - "partsupp.ps_partkey"
                          - "partsupp.ps_suppkey"
                        Index Cond: "(partsupp.ps_partkey = part.p_partkey)"
                        Rows Removed by Index Recheck: 0
                        Heap Fetches: 0
                        Shared Hit Blocks: 87040
                        Shared Read Blocks: 2196
                        Shared Dirtied Blocks: 0
                        Shared Written Blocks: 0
                        Local Hit Blocks: 0
                        Local Read Blocks: 0
                        Local Dirtied Blocks: 0
                        Local Written Blocks: 0
                        Temp Read Blocks: 0
                        Temp Written Blocks: 0
                        I/O Read Time: 0.000
                        I/O Write Time: 0.000
                  - Node Type: "Hash"
                    Parent Relationship: "Inner"
                    Startup Cost: 338.00
                    Total Cost: 338.00
                    Plan Rows: 9999
                    Plan Width: 4
                    Actual Startup Time: 17.638
                    Actual Total Time: 17.638
                    Actual Rows: 9996
                    Actual Loops: 1
                    Output: 
                      - "supplier.s_suppkey"
                    Hash Buckets: 1024
                    Hash Batches: 1
                    Original Hash Batches: 1
                    Peak Memory Usage: 352
                    Shared Hit Blocks: 2
                    Shared Read Blocks: 211
                    Shared Dirtied Blocks: 0
                    Shared Written Blocks: 0
                    Local Hit Blocks: 0
                    Local Read Blocks: 0
                    Local Dirtied Blocks: 0
                    Local Written Blocks: 0
                    Temp Read Blocks: 0
                    Temp Written Blocks: 0
                    I/O Read Time: 0.000
                    I/O Write Time: 0.000
                    Plans: 
                      - Node Type: "Seq Scan"
                        Parent Relationship: "Outer"
                        Relation Name: "supplier"
                        Schema: "public"
                        Alias: "supplier"
                        Startup Cost: 0.00
                        Total Cost: 338.00
                        Plan Rows: 9999
                        Plan Width: 4
                        Actual Startup Time: 0.008
                        Actual Total Time: 15.047
                        Actual Rows: 9996
                        Actual Loops: 1
                        Output: 
                          - "supplier.s_suppkey"
                        Filter: "(supplier.s_comment !~~ '%Customer%Complaints%'::text)"
                        Rows Removed by Filter: 4
                        Shared Hit Blocks: 2
                        Shared Read Blocks: 211
                        Shared Dirtied Blocks: 0
                        Shared Written Blocks: 0
                        Local Hit Blocks: 0
                        Local Read Blocks: 0
                        Local Dirtied Blocks: 0
                        Local Written Blocks: 0
                        Temp Read Blocks: 0
                        Temp Written Blocks: 0
                        I/O Read Time: 0.000
                        I/O Write Time: 0.000
  Triggers: 
  Execution Time: 3617.930
